07-Jun-2019 19:31:39.038 INFO [main] org.apache.catalina.startup.VersionLoggerListener.log Server version:        Apache Tomcat/8.5.41
07-Jun-2019 19:31:39.039 INFO [main] org.apache.catalina.startup.VersionLoggerListener.log Server built:          May 4 2019 09:17:16 UTC
07-Jun-2019 19:31:39.039 INFO [main] org.apache.catalina.startup.VersionLoggerListener.log Server number:         8.5.41.0
07-Jun-2019 19:31:39.039 INFO [main] org.apache.catalina.startup.VersionLoggerListener.log OS Name:               Windows 10
07-Jun-2019 19:31:39.039 INFO [main] org.apache.catalina.startup.VersionLoggerListener.log OS Version:            10.0
07-Jun-2019 19:31:39.039 INFO [main] org.apache.catalina.startup.VersionLoggerListener.log Architecture:          amd64
07-Jun-2019 19:31:39.039 INFO [main] org.apache.catalina.startup.VersionLoggerListener.log Java Home:             C:\Program Files\Java\jdk1.8.0_191\jre
07-Jun-2019 19:31:39.040 INFO [main] org.apache.catalina.startup.VersionLoggerListener.log JVM Version:           1.8.0_191-b12
07-Jun-2019 19:31:39.040 INFO [main] org.apache.catalina.startup.VersionLoggerListener.log JVM Vendor:            Oracle Corporation
07-Jun-2019 19:31:39.040 INFO [main] org.apache.catalina.startup.VersionLoggerListener.log CATALINA_BASE:         D:\mount\mjunction\tomcat-8-redis-session
07-Jun-2019 19:31:39.040 INFO [main] org.apache.catalina.startup.VersionLoggerListener.log CATALINA_HOME:         D:\mount\mjunction\tomcat-8-redis-session
07-Jun-2019 19:31:39.040 INFO [main] org.apache.catalina.startup.VersionLoggerListener.log Command line argument: -Djava.util.logging.config.file=D:\mount\mjunction\tomcat-8-redis-session\conf\logging.properties
07-Jun-2019 19:31:39.040 INFO [main] org.apache.catalina.startup.VersionLoggerListener.log Command line argument: -Djava.util.logging.manager=org.apache.juli.ClassLoaderLogManager
07-Jun-2019 19:31:39.041 INFO [main] org.apache.catalina.startup.VersionLoggerListener.log Command line argument: -Djdk.tls.ephemeralDHKeySize=2048
07-Jun-2019 19:31:39.041 INFO [main] org.apache.catalina.startup.VersionLoggerListener.log Command line argument: -Djava.protocol.handler.pkgs=org.apache.catalina.webresources
07-Jun-2019 19:31:39.041 INFO [main] org.apache.catalina.startup.VersionLoggerListener.log Command line argument: -Dignore.endorsed.dirs=
07-Jun-2019 19:31:39.041 INFO [main] org.apache.catalina.startup.VersionLoggerListener.log Command line argument: -Dcatalina.base=D:\mount\mjunction\tomcat-8-redis-session
07-Jun-2019 19:31:39.041 INFO [main] org.apache.catalina.startup.VersionLoggerListener.log Command line argument: -Dcatalina.home=D:\mount\mjunction\tomcat-8-redis-session
07-Jun-2019 19:31:39.041 INFO [main] org.apache.catalina.startup.VersionLoggerListener.log Command line argument: -Djava.io.tmpdir=D:\mount\mjunction\tomcat-8-redis-session\temp
07-Jun-2019 19:31:39.042 INFO [main] org.apache.catalina.core.AprLifecycleListener.lifecycleEvent Loaded APR based Apache Tomcat Native library [1.2.21] using APR version [1.6.5].
07-Jun-2019 19:31:39.042 INFO [main] org.apache.catalina.core.AprLifecycleListener.lifecycleEvent APR capabilities: IPv6 [true], sendfile [true], accept filters [false], random [true].
07-Jun-2019 19:31:39.042 INFO [main] org.apache.catalina.core.AprLifecycleListener.lifecycleEvent APR/OpenSSL configuration: useAprConnector [false], useOpenSSL [true]
07-Jun-2019 19:31:39.086 INFO [main] org.apache.catalina.core.AprLifecycleListener.initializeSSL OpenSSL successfully initialized [OpenSSL 1.1.1a  20 Nov 2018]
07-Jun-2019 19:31:39.191 INFO [main] org.apache.coyote.AbstractProtocol.init Initializing ProtocolHandler ["http-nio-8080"]
07-Jun-2019 19:31:39.211 INFO [main] org.apache.tomcat.util.net.NioSelectorPool.getSharedSelector Using a shared selector for servlet write/read
07-Jun-2019 19:31:39.219 INFO [main] org.apache.coyote.AbstractProtocol.init Initializing ProtocolHandler ["ajp-nio-8009"]
07-Jun-2019 19:31:39.220 INFO [main] org.apache.tomcat.util.net.NioSelectorPool.getSharedSelector Using a shared selector for servlet write/read
07-Jun-2019 19:31:39.220 INFO [main] org.apache.catalina.startup.Catalina.load Initialization processed in 1921 ms
07-Jun-2019 19:31:40.202 INFO [main] org.apache.catalina.core.StandardService.startInternal Starting service [Catalina]
07-Jun-2019 19:31:40.202 INFO [main] org.apache.catalina.core.StandardEngine.startInternal Starting Servlet Engine: Apache Tomcat/8.5.41
07-Jun-2019 19:31:40.239 INFO [localhost-startStop-1] org.apache.catalina.startup.HostConfig.deployDirectory Deploying web application directory [D:\mount\mjunction\tomcat-8-redis-session\webapps\docs]
07-Jun-2019 19:31:41.469 INFO [localhost-startStop-1] org.apache.jasper.servlet.TldScanner.scanJars At least one JAR was scanned for TLDs yet contained no TLDs. Enable debug logging for this logger for a complete list of JARs that were scanned but no TLDs were found in them. Skipping unneeded JARs during scanning can improve startup time and JSP compilation time.
07-Jun-2019 19:31:41.504 INFO [localhost-startStop-1] org.apache.catalina.startup.HostConfig.deployDirectory Deployment of web application directory [D:\mount\mjunction\tomcat-8-redis-session\webapps\docs] has finished in [1,264] ms
07-Jun-2019 19:31:41.504 INFO [localhost-startStop-1] org.apache.catalina.startup.HostConfig.deployDirectory Deploying web application directory [D:\mount\mjunction\tomcat-8-redis-session\webapps\examples]
07-Jun-2019 19:31:42.724 INFO [localhost-startStop-1] org.apache.jasper.servlet.TldScanner.scanJars At least one JAR was scanned for TLDs yet contained no TLDs. Enable debug logging for this logger for a complete list of JARs that were scanned but no TLDs were found in them. Skipping unneeded JARs during scanning can improve startup time and JSP compilation time.
07-Jun-2019 19:31:42.754 INFO [localhost-startStop-1] org.apache.catalina.startup.HostConfig.deployDirectory Deployment of web application directory [D:\mount\mjunction\tomcat-8-redis-session\webapps\examples] has finished in [1,250] ms
07-Jun-2019 19:31:42.754 INFO [localhost-startStop-1] org.apache.catalina.startup.HostConfig.deployDirectory Deploying web application directory [D:\mount\mjunction\tomcat-8-redis-session\webapps\host-manager]
07-Jun-2019 19:31:43.646 INFO [localhost-startStop-1] org.apache.jasper.servlet.TldScanner.scanJars At least one JAR was scanned for TLDs yet contained no TLDs. Enable debug logging for this logger for a complete list of JARs that were scanned but no TLDs were found in them. Skipping unneeded JARs during scanning can improve startup time and JSP compilation time.
07-Jun-2019 19:31:43.651 INFO [localhost-startStop-1] org.apache.catalina.startup.HostConfig.deployDirectory Deployment of web application directory [D:\mount\mjunction\tomcat-8-redis-session\webapps\host-manager] has finished in [897] ms
07-Jun-2019 19:31:43.651 INFO [localhost-startStop-1] org.apache.catalina.startup.HostConfig.deployDirectory Deploying web application directory [D:\mount\mjunction\tomcat-8-redis-session\webapps\manager]
07-Jun-2019 19:31:44.493 INFO [localhost-startStop-1] org.apache.jasper.servlet.TldScanner.scanJars At least one JAR was scanned for TLDs yet contained no TLDs. Enable debug logging for this logger for a complete list of JARs that were scanned but no TLDs were found in them. Skipping unneeded JARs during scanning can improve startup time and JSP compilation time.
07-Jun-2019 19:31:44.495 INFO [localhost-startStop-1] org.apache.catalina.startup.HostConfig.deployDirectory Deployment of web application directory [D:\mount\mjunction\tomcat-8-redis-session\webapps\manager] has finished in [844] ms
07-Jun-2019 19:31:44.495 INFO [localhost-startStop-1] org.apache.catalina.startup.HostConfig.deployDirectory Deploying web application directory [D:\mount\mjunction\tomcat-8-redis-session\webapps\ROOT]
07-Jun-2019 19:31:45.267 INFO [localhost-startStop-1] org.apache.jasper.servlet.TldScanner.scanJars At least one JAR was scanned for TLDs yet contained no TLDs. Enable debug logging for this logger for a complete list of JARs that were scanned but no TLDs were found in them. Skipping unneeded JARs during scanning can improve startup time and JSP compilation time.
07-Jun-2019 19:31:45.271 INFO [localhost-startStop-1] org.apache.catalina.startup.HostConfig.deployDirectory Deployment of web application directory [D:\mount\mjunction\tomcat-8-redis-session\webapps\ROOT] has finished in [776] ms
07-Jun-2019 19:31:45.275 INFO [main] org.apache.coyote.AbstractProtocol.start Starting ProtocolHandler ["http-nio-8080"]
07-Jun-2019 19:31:45.280 INFO [main] org.apache.coyote.AbstractProtocol.start Starting ProtocolHandler ["ajp-nio-8009"]
07-Jun-2019 19:31:45.282 INFO [main] org.apache.catalina.startup.Catalina.start Server startup in 6061 ms
07-Jun-2019 19:32:15.465 INFO [Thread-7] org.apache.coyote.AbstractProtocol.pause Pausing ProtocolHandler ["http-nio-8080"]
07-Jun-2019 19:32:15.608 INFO [Thread-7] org.apache.coyote.AbstractProtocol.pause Pausing ProtocolHandler ["ajp-nio-8009"]
07-Jun-2019 19:32:15.764 INFO [Thread-7] org.apache.catalina.core.StandardService.stopInternal Stopping service [Catalina]
07-Jun-2019 19:32:15.795 INFO [Thread-7] org.apache.coyote.AbstractProtocol.stop Stopping ProtocolHandler ["http-nio-8080"]
07-Jun-2019 19:32:15.797 INFO [Thread-7] org.apache.coyote.AbstractProtocol.stop Stopping ProtocolHandler ["ajp-nio-8009"]
07-Jun-2019 19:32:15.840 INFO [Thread-7] org.apache.coyote.AbstractProtocol.destroy Destroying ProtocolHandler ["http-nio-8080"]
07-Jun-2019 19:32:15.840 INFO [Thread-7] org.apache.coyote.AbstractProtocol.destroy Destroying ProtocolHandler ["ajp-nio-8009"]
07-Jun-2019 22:55:12.683 INFO [main] org.apache.catalina.startup.VersionLoggerListener.log Server version:        Apache Tomcat/8.5.41
07-Jun-2019 22:55:12.684 INFO [main] org.apache.catalina.startup.VersionLoggerListener.log Server built:          May 4 2019 09:17:16 UTC
07-Jun-2019 22:55:12.685 INFO [main] org.apache.catalina.startup.VersionLoggerListener.log Server number:         8.5.41.0
07-Jun-2019 22:55:12.685 INFO [main] org.apache.catalina.startup.VersionLoggerListener.log OS Name:               Windows 10
07-Jun-2019 22:55:12.685 INFO [main] org.apache.catalina.startup.VersionLoggerListener.log OS Version:            10.0
07-Jun-2019 22:55:12.687 INFO [main] org.apache.catalina.startup.VersionLoggerListener.log Architecture:          amd64
07-Jun-2019 22:55:12.687 INFO [main] org.apache.catalina.startup.VersionLoggerListener.log Java Home:             C:\Program Files\Java\jdk1.8.0_191\jre
07-Jun-2019 22:55:12.687 INFO [main] org.apache.catalina.startup.VersionLoggerListener.log JVM Version:           1.8.0_191-b12
07-Jun-2019 22:55:12.687 INFO [main] org.apache.catalina.startup.VersionLoggerListener.log JVM Vendor:            Oracle Corporation
07-Jun-2019 22:55:12.688 INFO [main] org.apache.catalina.startup.VersionLoggerListener.log CATALINA_BASE:         D:\mount\mjunction\tomcat-8-redis-session\tomcat8-jdk8-redis-session-2
07-Jun-2019 22:55:12.688 INFO [main] org.apache.catalina.startup.VersionLoggerListener.log CATALINA_HOME:         D:\mount\mjunction\tomcat-8-redis-session\tomcat8-jdk8-redis-session-2
07-Jun-2019 22:55:12.688 INFO [main] org.apache.catalina.startup.VersionLoggerListener.log Command line argument: -Djava.util.logging.config.file=D:\mount\mjunction\tomcat-8-redis-session\tomcat8-jdk8-redis-session-2\conf\logging.properties
07-Jun-2019 22:55:12.688 INFO [main] org.apache.catalina.startup.VersionLoggerListener.log Command line argument: -Djava.util.logging.manager=org.apache.juli.ClassLoaderLogManager
07-Jun-2019 22:55:12.688 INFO [main] org.apache.catalina.startup.VersionLoggerListener.log Command line argument: -Djdk.tls.ephemeralDHKeySize=2048
07-Jun-2019 22:55:12.688 INFO [main] org.apache.catalina.startup.VersionLoggerListener.log Command line argument: -Djava.protocol.handler.pkgs=org.apache.catalina.webresources
07-Jun-2019 22:55:12.688 INFO [main] org.apache.catalina.startup.VersionLoggerListener.log Command line argument: -Dignore.endorsed.dirs=
07-Jun-2019 22:55:12.688 INFO [main] org.apache.catalina.startup.VersionLoggerListener.log Command line argument: -Dcatalina.base=D:\mount\mjunction\tomcat-8-redis-session\tomcat8-jdk8-redis-session-2
07-Jun-2019 22:55:12.688 INFO [main] org.apache.catalina.startup.VersionLoggerListener.log Command line argument: -Dcatalina.home=D:\mount\mjunction\tomcat-8-redis-session\tomcat8-jdk8-redis-session-2
07-Jun-2019 22:55:12.688 INFO [main] org.apache.catalina.startup.VersionLoggerListener.log Command line argument: -Djava.io.tmpdir=D:\mount\mjunction\tomcat-8-redis-session\tomcat8-jdk8-redis-session-2\temp
07-Jun-2019 22:55:12.689 INFO [main] org.apache.catalina.core.AprLifecycleListener.lifecycleEvent Loaded APR based Apache Tomcat Native library [1.2.21] using APR version [1.6.5].
07-Jun-2019 22:55:12.689 INFO [main] org.apache.catalina.core.AprLifecycleListener.lifecycleEvent APR capabilities: IPv6 [true], sendfile [true], accept filters [false], random [true].
07-Jun-2019 22:55:12.689 INFO [main] org.apache.catalina.core.AprLifecycleListener.lifecycleEvent APR/OpenSSL configuration: useAprConnector [false], useOpenSSL [true]
07-Jun-2019 22:55:12.820 INFO [main] org.apache.catalina.core.AprLifecycleListener.initializeSSL OpenSSL successfully initialized [OpenSSL 1.1.1a  20 Nov 2018]
07-Jun-2019 22:55:12.891 INFO [main] org.apache.coyote.AbstractProtocol.init Initializing ProtocolHandler ["http-nio-8081"]
07-Jun-2019 22:55:13.076 INFO [main] org.apache.tomcat.util.net.NioSelectorPool.getSharedSelector Using a shared selector for servlet write/read
07-Jun-2019 22:55:13.084 INFO [main] org.apache.coyote.AbstractProtocol.init Initializing ProtocolHandler ["ajp-nio-8010"]
07-Jun-2019 22:55:13.085 INFO [main] org.apache.tomcat.util.net.NioSelectorPool.getSharedSelector Using a shared selector for servlet write/read
07-Jun-2019 22:55:13.085 INFO [main] org.apache.catalina.startup.Catalina.load Initialization processed in 970 ms
07-Jun-2019 22:55:15.727 INFO [main] org.apache.catalina.core.StandardService.startInternal Starting service [Catalina]
07-Jun-2019 22:55:15.728 INFO [main] org.apache.catalina.core.StandardEngine.startInternal Starting Servlet Engine: Apache Tomcat/8.5.41
07-Jun-2019 22:55:15.733 INFO [main] org.apache.catalina.ha.tcp.SimpleTcpCluster.startInternal Cluster is about to start
07-Jun-2019 22:55:15.738 INFO [main] org.apache.catalina.tribes.transport.ReceiverBase.bind Receiver Server Socket bound to:[/192.168.208.1:4001]
07-Jun-2019 22:55:15.742 INFO [main] org.apache.catalina.tribes.membership.McastServiceImpl.setupSocket Setting cluster mcast soTimeout to [500]
07-Jun-2019 22:55:15.744 INFO [main] org.apache.catalina.tribes.membership.McastServiceImpl.waitForMembers Sleeping for [1000] milliseconds to establish cluster membership, start level:[4]
07-Jun-2019 22:55:16.005 INFO [Membership-MemberAdded.] org.apache.catalina.ha.tcp.SimpleTcpCluster.memberAdded Replication member added:[org.apache.catalina.tribes.membership.MemberImpl[tcp://{192, 168, 208, 1}:4000,{192, 168, 208, 1},4000, alive=48578, securePort=-1, UDP Port=-1, id={7 101 51 19 91 -75 68 -65 -128 102 66 0 93 45 71 89 }, payload={}, command={}, domain={}]]
07-Jun-2019 22:55:16.744 INFO [main] org.apache.catalina.tribes.membership.McastServiceImpl.waitForMembers Done sleeping, membership established, start level:[4]
07-Jun-2019 22:55:16.745 INFO [main] org.apache.catalina.tribes.membership.McastServiceImpl.waitForMembers Sleeping for [1000] milliseconds to establish cluster membership, start level:[8]
07-Jun-2019 22:55:16.750 INFO [Tribes-Task-Receiver[Catalina-Channel]-1] org.apache.catalina.tribes.io.BufferPool.getBufferPool Created a buffer pool with max size:[104857600] bytes of type: [org.apache.catalina.tribes.io.BufferPool15Impl]
07-Jun-2019 22:55:17.746 INFO [main] org.apache.catalina.tribes.membership.McastServiceImpl.waitForMembers Done sleeping, membership established, start level:[8]
07-Jun-2019 22:55:17.915 INFO [localhost-startStop-1] org.apache.catalina.startup.HostConfig.deployWAR Deploying web application archive [D:\mount\mjunction\tomcat-8-redis-session\tomcat8-jdk8-redis-session-2\webapps\ROOT.war]
07-Jun-2019 22:55:21.587 WARNING [localhost-startStop-1] org.apache.catalina.ha.tcp.SimpleTcpCluster.registerManager Manager [org.redisson.tomcat.JndiRedissonSessionManager[]] does not implement ClusterManager, addition to cluster has been aborted.
07-Jun-2019 22:55:21.622 INFO [localhost-startStop-1] org.apache.jasper.servlet.TldScanner.scanJars At least one JAR was scanned for TLDs yet contained no TLDs. Enable debug logging for this logger for a complete list of JARs that were scanned but no TLDs were found in them. Skipping unneeded JARs during scanning can improve startup time and JSP compilation time.
07-Jun-2019 22:55:21.667 INFO [localhost-startStop-1] org.springframework.web.context.ContextLoader.initWebApplicationContext Root WebApplicationContext: initialization started
07-Jun-2019 22:55:21.736 INFO [localhost-startStop-1] org.springframework.context.support.AbstractApplicationContext.prepareRefresh Refreshing Root WebApplicationContext: startup date [Fri Jun 07 22:55:21 IST 2019]; root of context hierarchy
07-Jun-2019 22:55:21.778 INFO [localhost-startStop-1] org.springframework.beans.factory.xml.XmlBeanDefinitionReader.loadBeanDefinitions Loading XML bean definitions from ServletContext resource [/WEB-INF/view-resolver-servlet.xml]
07-Jun-2019 22:55:21.850 INFO [localhost-startStop-1] org.springframework.context.annotation.ClassPathScanningCandidateComponentProvider.registerDefaultFilters JSR-250 'javax.annotation.ManagedBean' found and supported for component scanning
07-Jun-2019 22:55:21.954 INFO [localhost-startStop-1] org.springframework.beans.factory.support.DefaultListableBeanFactory.preInstantiateSingletons Pre-instantiating singletons in org.springframework.beans.factory.support.DefaultListableBeanFactory@23862b74: defining beans [applicationController,org.springframework.context.annotation.internalConfigurationAnnotationProcessor,org.springframework.context.annotation.internalAutowiredAnnotationProcessor,org.springframework.context.annotation.internalRequiredAnnotationProcessor,org.springframework.context.annotation.internalCommonAnnotationProcessor,org.springframework.web.servlet.view.InternalResourceViewResolver#0,org.springframework.context.annotation.ConfigurationClassPostProcessor.importAwareProcessor]; root of factory hierarchy
07-Jun-2019 22:55:21.999 INFO [localhost-startStop-1] org.springframework.web.context.ContextLoader.initWebApplicationContext Root WebApplicationContext: initialization completed in 331 ms
07-Jun-2019 22:55:22.019 INFO [localhost-startStop-1] org.springframework.web.servlet.FrameworkServlet.initServletBean FrameworkServlet '-dispatcher': initialization started
07-Jun-2019 22:55:22.022 INFO [localhost-startStop-1] org.springframework.context.support.AbstractApplicationContext.prepareRefresh Refreshing WebApplicationContext for namespace '-dispatcher-servlet': startup date [Fri Jun 07 22:55:22 IST 2019]; parent: Root WebApplicationContext
07-Jun-2019 22:55:22.023 INFO [localhost-startStop-1] org.springframework.beans.factory.xml.XmlBeanDefinitionReader.loadBeanDefinitions Loading XML bean definitions from ServletContext resource [/WEB-INF/view-resolver-servlet.xml]
07-Jun-2019 22:55:22.038 INFO [localhost-startStop-1] org.springframework.context.annotation.ClassPathScanningCandidateComponentProvider.registerDefaultFilters JSR-250 'javax.annotation.ManagedBean' found and supported for component scanning
07-Jun-2019 22:55:22.043 INFO [localhost-startStop-1] org.springframework.beans.factory.support.DefaultListableBeanFactory.preInstantiateSingletons Pre-instantiating singletons in org.springframework.beans.factory.support.DefaultListableBeanFactory@43f44586: defining beans [applicationController,org.springframework.context.annotation.internalConfigurationAnnotationProcessor,org.springframework.context.annotation.internalAutowiredAnnotationProcessor,org.springframework.context.annotation.internalRequiredAnnotationProcessor,org.springframework.context.annotation.internalCommonAnnotationProcessor,org.springframework.web.servlet.view.InternalResourceViewResolver#0,org.springframework.context.annotation.ConfigurationClassPostProcessor.importAwareProcessor]; parent: org.springframework.beans.factory.support.DefaultListableBeanFactory@23862b74
07-Jun-2019 22:55:22.071 INFO [localhost-startStop-1] org.springframework.web.servlet.handler.AbstractUrlHandlerMapping.registerHandler Mapped URL path [//Print/{arg}] onto handler 'applicationController'
07-Jun-2019 22:55:22.071 INFO [localhost-startStop-1] org.springframework.web.servlet.handler.AbstractUrlHandlerMapping.registerHandler Mapped URL path [//Print/{arg}.*] onto handler 'applicationController'
07-Jun-2019 22:55:22.073 INFO [localhost-startStop-1] org.springframework.web.servlet.handler.AbstractUrlHandlerMapping.registerHandler Mapped URL path [//Print/{arg}/] onto handler 'applicationController'
07-Jun-2019 22:55:22.073 INFO [localhost-startStop-1] org.springframework.web.servlet.handler.AbstractUrlHandlerMapping.registerHandler Mapped URL path [//SessRepl] onto handler 'applicationController'
07-Jun-2019 22:55:22.074 INFO [localhost-startStop-1] org.springframework.web.servlet.handler.AbstractUrlHandlerMapping.registerHandler Mapped URL path [//SessRepl.*] onto handler 'applicationController'
07-Jun-2019 22:55:22.074 INFO [localhost-startStop-1] org.springframework.web.servlet.handler.AbstractUrlHandlerMapping.registerHandler Mapped URL path [//SessRepl/] onto handler 'applicationController'
07-Jun-2019 22:55:22.075 INFO [localhost-startStop-1] org.springframework.web.servlet.handler.AbstractUrlHandlerMapping.registerHandler Mapped URL path [//Test] onto handler 'applicationController'
07-Jun-2019 22:55:22.075 INFO [localhost-startStop-1] org.springframework.web.servlet.handler.AbstractUrlHandlerMapping.registerHandler Mapped URL path [//Test.*] onto handler 'applicationController'
07-Jun-2019 22:55:22.075 INFO [localhost-startStop-1] org.springframework.web.servlet.handler.AbstractUrlHandlerMapping.registerHandler Mapped URL path [//Test/] onto handler 'applicationController'
07-Jun-2019 22:55:22.158 INFO [localhost-startStop-1] org.springframework.web.servlet.FrameworkServlet.initServletBean FrameworkServlet '-dispatcher': initialization completed in 138 ms
07-Jun-2019 22:55:22.164 INFO [localhost-startStop-1] org.apache.catalina.startup.HostConfig.deployWAR Deployment of web application archive [D:\mount\mjunction\tomcat-8-redis-session\tomcat8-jdk8-redis-session-2\webapps\ROOT.war] has finished in [4,248] ms
07-Jun-2019 22:55:22.166 INFO [main] org.apache.coyote.AbstractProtocol.start Starting ProtocolHandler ["http-nio-8081"]
07-Jun-2019 22:55:22.171 INFO [main] org.apache.coyote.AbstractProtocol.start Starting ProtocolHandler ["ajp-nio-8010"]
07-Jun-2019 22:55:22.172 INFO [main] org.apache.catalina.startup.Catalina.start Server startup in 9087 ms
07-Jun-2019 22:55:47.167 INFO [Membership-MemberAdded.] org.apache.catalina.ha.tcp.SimpleTcpCluster.memberAdded Replication member added:[org.apache.catalina.tribes.membership.MemberImpl[tcp://{192, 168, 208, 1}:4002,{192, 168, 208, 1},4002, alive=1007, securePort=-1, UDP Port=-1, id={-24 119 -48 13 -83 51 65 33 -83 -42 41 -79 -111 113 85 -112 }, payload={}, command={}, domain={}]]
07-Jun-2019 23:04:27.052 WARNING [ajp-nio-8010-exec-1] org.springframework.web.servlet.DispatcherServlet.noHandlerFound No mapping found for HTTP request with URI [/] in DispatcherServlet with name '-dispatcher'
07-Jun-2019 23:04:27.617 WARNING [ajp-nio-8010-exec-2] org.springframework.web.servlet.DispatcherServlet.noHandlerFound No mapping found for HTTP request with URI [/] in DispatcherServlet with name '-dispatcher'
07-Jun-2019 23:04:28.135 WARNING [ajp-nio-8010-exec-3] org.springframework.web.servlet.DispatcherServlet.noHandlerFound No mapping found for HTTP request with URI [/] in DispatcherServlet with name '-dispatcher'
07-Jun-2019 23:04:28.557 WARNING [ajp-nio-8010-exec-4] org.springframework.web.servlet.DispatcherServlet.noHandlerFound No mapping found for HTTP request with URI [/] in DispatcherServlet with name '-dispatcher'
07-Jun-2019 23:05:03.938 WARNING [ajp-nio-8010-exec-5] org.springframework.web.servlet.DispatcherServlet.noHandlerFound No mapping found for HTTP request with URI [/ROOT] in DispatcherServlet with name '-dispatcher'
07-Jun-2019 23:19:25.815 INFO [Membership-MemberDisappeared.] org.apache.catalina.ha.tcp.SimpleTcpCluster.memberDisappeared Received member disappeared:[org.apache.catalina.tribes.membership.MemberImpl[tcp://{192, 168, 208, 1}:4000,{192, 168, 208, 1},4000, alive=1498391, securePort=-1, UDP Port=-1, id={7 101 51 19 91 -75 68 -65 -128 102 66 0 93 45 71 89 }, payload={}, command={66 65 66 89 45 65 76 69 88 ...(9)}, domain={}]]
07-Jun-2019 23:19:28.591 INFO [Membership-MemberDisappeared.] org.apache.catalina.ha.tcp.SimpleTcpCluster.memberDisappeared Received member disappeared:[org.apache.catalina.tribes.membership.MemberImpl[tcp://{192, 168, 208, 1}:4002,{192, 168, 208, 1},4002, alive=1422431, securePort=-1, UDP Port=-1, id={-24 119 -48 13 -83 51 65 33 -83 -42 41 -79 -111 113 85 -112 }, payload={}, command={66 65 66 89 45 65 76 69 88 ...(9)}, domain={}]]
07-Jun-2019 23:19:30.972 INFO [Thread-9] org.apache.coyote.AbstractProtocol.pause Pausing ProtocolHandler ["http-nio-8081"]
07-Jun-2019 23:19:31.115 INFO [Thread-9] org.apache.coyote.AbstractProtocol.pause Pausing ProtocolHandler ["ajp-nio-8010"]
07-Jun-2019 23:19:31.256 INFO [Thread-9] org.apache.catalina.core.StandardService.stopInternal Stopping service [Catalina]
07-Jun-2019 23:19:31.263 INFO [localhost-startStop-2] org.springframework.context.support.AbstractApplicationContext.doClose Closing WebApplicationContext for namespace '-dispatcher-servlet': startup date [Fri Jun 07 22:55:22 IST 2019]; parent: Root WebApplicationContext
07-Jun-2019 23:19:31.264 INFO [localhost-startStop-2] org.springframework.beans.factory.support.DefaultSingletonBeanRegistry.destroySingletons Destroying singletons in org.springframework.beans.factory.support.DefaultListableBeanFactory@43f44586: defining beans [applicationController,org.springframework.context.annotation.internalConfigurationAnnotationProcessor,org.springframework.context.annotation.internalAutowiredAnnotationProcessor,org.springframework.context.annotation.internalRequiredAnnotationProcessor,org.springframework.context.annotation.internalCommonAnnotationProcessor,org.springframework.web.servlet.view.InternalResourceViewResolver#0,org.springframework.context.annotation.ConfigurationClassPostProcessor.importAwareProcessor]; parent: org.springframework.beans.factory.support.DefaultListableBeanFactory@23862b74
07-Jun-2019 23:19:31.265 INFO [localhost-startStop-2] org.springframework.context.support.AbstractApplicationContext.doClose Closing Root WebApplicationContext: startup date [Fri Jun 07 22:55:21 IST 2019]; root of context hierarchy
07-Jun-2019 23:19:31.266 INFO [localhost-startStop-2] org.springframework.beans.factory.support.DefaultSingletonBeanRegistry.destroySingletons Destroying singletons in org.springframework.beans.factory.support.DefaultListableBeanFactory@23862b74: defining beans [applicationController,org.springframework.context.annotation.internalConfigurationAnnotationProcessor,org.springframework.context.annotation.internalAutowiredAnnotationProcessor,org.springframework.context.annotation.internalRequiredAnnotationProcessor,org.springframework.context.annotation.internalCommonAnnotationProcessor,org.springframework.web.servlet.view.InternalResourceViewResolver#0,org.springframework.context.annotation.ConfigurationClassPostProcessor.importAwareProcessor]; root of factory hierarchy
07-Jun-2019 23:19:31.383 INFO [Thread-9] org.apache.coyote.AbstractProtocol.stop Stopping ProtocolHandler ["http-nio-8081"]
07-Jun-2019 23:19:31.385 INFO [Thread-9] org.apache.coyote.AbstractProtocol.stop Stopping ProtocolHandler ["ajp-nio-8010"]
07-Jun-2019 23:19:31.470 INFO [Thread-9] org.apache.coyote.AbstractProtocol.destroy Destroying ProtocolHandler ["http-nio-8081"]
07-Jun-2019 23:19:31.470 INFO [Thread-9] org.apache.coyote.AbstractProtocol.destroy Destroying ProtocolHandler ["ajp-nio-8010"]
