07-Jun-2019 19:31:39.038 INFO [main] org.apache.catalina.startup.VersionLoggerListener.log Server version:        Apache Tomcat/8.5.41
07-Jun-2019 19:31:39.039 INFO [main] org.apache.catalina.startup.VersionLoggerListener.log Server built:          May 4 2019 09:17:16 UTC
07-Jun-2019 19:31:39.039 INFO [main] org.apache.catalina.startup.VersionLoggerListener.log Server number:         8.5.41.0
07-Jun-2019 19:31:39.039 INFO [main] org.apache.catalina.startup.VersionLoggerListener.log OS Name:               Windows 10
07-Jun-2019 19:31:39.039 INFO [main] org.apache.catalina.startup.VersionLoggerListener.log OS Version:            10.0
07-Jun-2019 19:31:39.039 INFO [main] org.apache.catalina.startup.VersionLoggerListener.log Architecture:          amd64
07-Jun-2019 19:31:39.039 INFO [main] org.apache.catalina.startup.VersionLoggerListener.log Java Home:             C:\Program Files\Java\jdk1.8.0_191\jre
07-Jun-2019 19:31:39.040 INFO [main] org.apache.catalina.startup.VersionLoggerListener.log JVM Version:           1.8.0_191-b12
07-Jun-2019 19:31:39.040 INFO [main] org.apache.catalina.startup.VersionLoggerListener.log JVM Vendor:            Oracle Corporation
07-Jun-2019 19:31:39.040 INFO [main] org.apache.catalina.startup.VersionLoggerListener.log CATALINA_BASE:         D:\mount\mjunction\tomcat-8-redis-session
07-Jun-2019 19:31:39.040 INFO [main] org.apache.catalina.startup.VersionLoggerListener.log CATALINA_HOME:         D:\mount\mjunction\tomcat-8-redis-session
07-Jun-2019 19:31:39.040 INFO [main] org.apache.catalina.startup.VersionLoggerListener.log Command line argument: -Djava.util.logging.config.file=D:\mount\mjunction\tomcat-8-redis-session\conf\logging.properties
07-Jun-2019 19:31:39.040 INFO [main] org.apache.catalina.startup.VersionLoggerListener.log Command line argument: -Djava.util.logging.manager=org.apache.juli.ClassLoaderLogManager
07-Jun-2019 19:31:39.041 INFO [main] org.apache.catalina.startup.VersionLoggerListener.log Command line argument: -Djdk.tls.ephemeralDHKeySize=2048
07-Jun-2019 19:31:39.041 INFO [main] org.apache.catalina.startup.VersionLoggerListener.log Command line argument: -Djava.protocol.handler.pkgs=org.apache.catalina.webresources
07-Jun-2019 19:31:39.041 INFO [main] org.apache.catalina.startup.VersionLoggerListener.log Command line argument: -Dignore.endorsed.dirs=
07-Jun-2019 19:31:39.041 INFO [main] org.apache.catalina.startup.VersionLoggerListener.log Command line argument: -Dcatalina.base=D:\mount\mjunction\tomcat-8-redis-session
07-Jun-2019 19:31:39.041 INFO [main] org.apache.catalina.startup.VersionLoggerListener.log Command line argument: -Dcatalina.home=D:\mount\mjunction\tomcat-8-redis-session
07-Jun-2019 19:31:39.041 INFO [main] org.apache.catalina.startup.VersionLoggerListener.log Command line argument: -Djava.io.tmpdir=D:\mount\mjunction\tomcat-8-redis-session\temp
07-Jun-2019 19:31:39.042 INFO [main] org.apache.catalina.core.AprLifecycleListener.lifecycleEvent Loaded APR based Apache Tomcat Native library [1.2.21] using APR version [1.6.5].
07-Jun-2019 19:31:39.042 INFO [main] org.apache.catalina.core.AprLifecycleListener.lifecycleEvent APR capabilities: IPv6 [true], sendfile [true], accept filters [false], random [true].
07-Jun-2019 19:31:39.042 INFO [main] org.apache.catalina.core.AprLifecycleListener.lifecycleEvent APR/OpenSSL configuration: useAprConnector [false], useOpenSSL [true]
07-Jun-2019 19:31:39.086 INFO [main] org.apache.catalina.core.AprLifecycleListener.initializeSSL OpenSSL successfully initialized [OpenSSL 1.1.1a  20 Nov 2018]
07-Jun-2019 19:31:39.191 INFO [main] org.apache.coyote.AbstractProtocol.init Initializing ProtocolHandler ["http-nio-8080"]
07-Jun-2019 19:31:39.211 INFO [main] org.apache.tomcat.util.net.NioSelectorPool.getSharedSelector Using a shared selector for servlet write/read
07-Jun-2019 19:31:39.219 INFO [main] org.apache.coyote.AbstractProtocol.init Initializing ProtocolHandler ["ajp-nio-8009"]
07-Jun-2019 19:31:39.220 INFO [main] org.apache.tomcat.util.net.NioSelectorPool.getSharedSelector Using a shared selector for servlet write/read
07-Jun-2019 19:31:39.220 INFO [main] org.apache.catalina.startup.Catalina.load Initialization processed in 1921 ms
07-Jun-2019 19:31:40.202 INFO [main] org.apache.catalina.core.StandardService.startInternal Starting service [Catalina]
07-Jun-2019 19:31:40.202 INFO [main] org.apache.catalina.core.StandardEngine.startInternal Starting Servlet Engine: Apache Tomcat/8.5.41
07-Jun-2019 19:31:40.239 INFO [localhost-startStop-1] org.apache.catalina.startup.HostConfig.deployDirectory Deploying web application directory [D:\mount\mjunction\tomcat-8-redis-session\webapps\docs]
07-Jun-2019 19:31:41.469 INFO [localhost-startStop-1] org.apache.jasper.servlet.TldScanner.scanJars At least one JAR was scanned for TLDs yet contained no TLDs. Enable debug logging for this logger for a complete list of JARs that were scanned but no TLDs were found in them. Skipping unneeded JARs during scanning can improve startup time and JSP compilation time.
07-Jun-2019 19:31:41.504 INFO [localhost-startStop-1] org.apache.catalina.startup.HostConfig.deployDirectory Deployment of web application directory [D:\mount\mjunction\tomcat-8-redis-session\webapps\docs] has finished in [1,264] ms
07-Jun-2019 19:31:41.504 INFO [localhost-startStop-1] org.apache.catalina.startup.HostConfig.deployDirectory Deploying web application directory [D:\mount\mjunction\tomcat-8-redis-session\webapps\examples]
07-Jun-2019 19:31:42.724 INFO [localhost-startStop-1] org.apache.jasper.servlet.TldScanner.scanJars At least one JAR was scanned for TLDs yet contained no TLDs. Enable debug logging for this logger for a complete list of JARs that were scanned but no TLDs were found in them. Skipping unneeded JARs during scanning can improve startup time and JSP compilation time.
07-Jun-2019 19:31:42.754 INFO [localhost-startStop-1] org.apache.catalina.startup.HostConfig.deployDirectory Deployment of web application directory [D:\mount\mjunction\tomcat-8-redis-session\webapps\examples] has finished in [1,250] ms
07-Jun-2019 19:31:42.754 INFO [localhost-startStop-1] org.apache.catalina.startup.HostConfig.deployDirectory Deploying web application directory [D:\mount\mjunction\tomcat-8-redis-session\webapps\host-manager]
07-Jun-2019 19:31:43.646 INFO [localhost-startStop-1] org.apache.jasper.servlet.TldScanner.scanJars At least one JAR was scanned for TLDs yet contained no TLDs. Enable debug logging for this logger for a complete list of JARs that were scanned but no TLDs were found in them. Skipping unneeded JARs during scanning can improve startup time and JSP compilation time.
07-Jun-2019 19:31:43.651 INFO [localhost-startStop-1] org.apache.catalina.startup.HostConfig.deployDirectory Deployment of web application directory [D:\mount\mjunction\tomcat-8-redis-session\webapps\host-manager] has finished in [897] ms
07-Jun-2019 19:31:43.651 INFO [localhost-startStop-1] org.apache.catalina.startup.HostConfig.deployDirectory Deploying web application directory [D:\mount\mjunction\tomcat-8-redis-session\webapps\manager]
07-Jun-2019 19:31:44.493 INFO [localhost-startStop-1] org.apache.jasper.servlet.TldScanner.scanJars At least one JAR was scanned for TLDs yet contained no TLDs. Enable debug logging for this logger for a complete list of JARs that were scanned but no TLDs were found in them. Skipping unneeded JARs during scanning can improve startup time and JSP compilation time.
07-Jun-2019 19:31:44.495 INFO [localhost-startStop-1] org.apache.catalina.startup.HostConfig.deployDirectory Deployment of web application directory [D:\mount\mjunction\tomcat-8-redis-session\webapps\manager] has finished in [844] ms
07-Jun-2019 19:31:44.495 INFO [localhost-startStop-1] org.apache.catalina.startup.HostConfig.deployDirectory Deploying web application directory [D:\mount\mjunction\tomcat-8-redis-session\webapps\ROOT]
07-Jun-2019 19:31:45.267 INFO [localhost-startStop-1] org.apache.jasper.servlet.TldScanner.scanJars At least one JAR was scanned for TLDs yet contained no TLDs. Enable debug logging for this logger for a complete list of JARs that were scanned but no TLDs were found in them. Skipping unneeded JARs during scanning can improve startup time and JSP compilation time.
07-Jun-2019 19:31:45.271 INFO [localhost-startStop-1] org.apache.catalina.startup.HostConfig.deployDirectory Deployment of web application directory [D:\mount\mjunction\tomcat-8-redis-session\webapps\ROOT] has finished in [776] ms
07-Jun-2019 19:31:45.275 INFO [main] org.apache.coyote.AbstractProtocol.start Starting ProtocolHandler ["http-nio-8080"]
07-Jun-2019 19:31:45.280 INFO [main] org.apache.coyote.AbstractProtocol.start Starting ProtocolHandler ["ajp-nio-8009"]
07-Jun-2019 19:31:45.282 INFO [main] org.apache.catalina.startup.Catalina.start Server startup in 6061 ms
07-Jun-2019 19:32:15.465 INFO [Thread-7] org.apache.coyote.AbstractProtocol.pause Pausing ProtocolHandler ["http-nio-8080"]
07-Jun-2019 19:32:15.608 INFO [Thread-7] org.apache.coyote.AbstractProtocol.pause Pausing ProtocolHandler ["ajp-nio-8009"]
07-Jun-2019 19:32:15.764 INFO [Thread-7] org.apache.catalina.core.StandardService.stopInternal Stopping service [Catalina]
07-Jun-2019 19:32:15.795 INFO [Thread-7] org.apache.coyote.AbstractProtocol.stop Stopping ProtocolHandler ["http-nio-8080"]
07-Jun-2019 19:32:15.797 INFO [Thread-7] org.apache.coyote.AbstractProtocol.stop Stopping ProtocolHandler ["ajp-nio-8009"]
07-Jun-2019 19:32:15.840 INFO [Thread-7] org.apache.coyote.AbstractProtocol.destroy Destroying ProtocolHandler ["http-nio-8080"]
07-Jun-2019 19:32:15.840 INFO [Thread-7] org.apache.coyote.AbstractProtocol.destroy Destroying ProtocolHandler ["ajp-nio-8009"]
