::1 - - [07/Jun/2019:22:58:12 +0530] "GET / HTTP/1.1" 200 41036
::1 - - [07/Jun/2019:22:58:12 +0530] "GET /apachehaus.ico HTTP/1.1" 200 4286
::1 - - [07/Jun/2019:22:59:12 +0530] "-" 408 -
::1 - - [07/Jun/2019:22:59:40 +0530] "GET //jkmanager/ HTTP/1.1" 404 208
::1 - - [07/Jun/2019:22:59:40 +0530] "GET /favicon.ico HTTP/1.1" 404 209
::1 - - [07/Jun/2019:22:59:45 +0530] "GET /jkmanager/ HTTP/1.1" 404 208
::1 - - [07/Jun/2019:22:59:58 +0530] "GET /index.html HTTP/1.1" 200 41036
::1 - - [07/Jun/2019:23:04:25 +0530] "GET / HTTP/1.1" 404 1047
::1 - - [07/Jun/2019:23:04:26 +0530] "GET / HTTP/1.1" 404 1047
::1 - - [07/Jun/2019:23:04:27 +0530] "GET / HTTP/1.1" 404 1047
::1 - - [07/Jun/2019:23:04:27 +0530] "GET / HTTP/1.1" 404 1047
::1 - - [07/Jun/2019:23:04:27 +0530] "GET / HTTP/1.1" 404 1047
::1 - - [07/Jun/2019:23:04:27 +0530] "GET / HTTP/1.1" 404 1047
::1 - - [07/Jun/2019:23:04:27 +0530] "GET / HTTP/1.1" 404 1047
::1 - - [07/Jun/2019:23:04:28 +0530] "GET / HTTP/1.1" 404 1047
::1 - - [07/Jun/2019:23:04:28 +0530] "GET / HTTP/1.1" 404 1047
::1 - - [07/Jun/2019:23:04:28 +0530] "GET / HTTP/1.1" 404 1047
::1 - - [07/Jun/2019:23:04:28 +0530] "GET / HTTP/1.1" 404 1047
::1 - - [07/Jun/2019:23:04:48 +0530] "GET /ROOT HTTP/1.1" 404 1047
::1 - - [07/Jun/2019:23:05:03 +0530] "GET /ROOT HTTP/1.1" 404 1047
::1 - - [07/Jun/2019:23:05:03 +0530] "GET /ROOT HTTP/1.1" 404 1047
::1 - - [07/Jun/2019:23:05:04 +0530] "GET /ROOT HTTP/1.1" 404 1047
::1 - - [07/Jun/2019:23:05:04 +0530] "GET /ROOT HTTP/1.1" 404 1047
::1 - - [07/Jun/2019:23:06:16 +0530] "GET //SessRepl HTTP/1.1" 500 4639
::1 - - [07/Jun/2019:23:06:20 +0530] "GET /SessRepl HTTP/1.1" 500 4639
::1 - - [07/Jun/2019:23:06:23 +0530] "GET /SessRepl HTTP/1.1" 500 4639
::1 - - [07/Jun/2019:23:06:24 +0530] "GET /SessRepl HTTP/1.1" 500 4639
::1 - - [07/Jun/2019:23:06:24 +0530] "GET /SessRepl HTTP/1.1" 500 4639
::1 - - [07/Jun/2019:23:06:25 +0530] "GET /SessRepl HTTP/1.1" 500 4639
::1 - - [07/Jun/2019:23:06:25 +0530] "GET /SessRepl HTTP/1.1" 500 4639
::1 - - [07/Jun/2019:23:06:25 +0530] "GET /SessRepl HTTP/1.1" 500 4639
::1 - - [07/Jun/2019:23:06:25 +0530] "GET /SessRepl HTTP/1.1" 500 4639
::1 - - [07/Jun/2019:23:06:26 +0530] "GET /SessRepl HTTP/1.1" 500 4639
::1 - - [07/Jun/2019:23:06:26 +0530] "GET /SessRepl HTTP/1.1" 500 4639
::1 - - [07/Jun/2019:23:06:26 +0530] "GET /SessRepl HTTP/1.1" 500 4639
::1 - - [07/Jun/2019:23:06:26 +0530] "GET /SessRepl HTTP/1.1" 500 4639
::1 - - [07/Jun/2019:23:06:26 +0530] "GET /SessRepl HTTP/1.1" 500 4639
::1 - - [07/Jun/2019:23:06:27 +0530] "GET /SessRepl HTTP/1.1" 500 4639
::1 - - [07/Jun/2019:23:06:27 +0530] "GET /SessRepl HTTP/1.1" 500 4639
::1 - - [07/Jun/2019:23:06:27 +0530] "GET /SessRepl HTTP/1.1" 500 4639
::1 - - [07/Jun/2019:23:06:27 +0530] "GET /SessRepl HTTP/1.1" 500 4639
::1 - - [07/Jun/2019:23:06:48 +0530] "GET /SessRepl HTTP/1.1" 500 4639
::1 - - [07/Jun/2019:23:06:49 +0530] "GET /SessRepl HTTP/1.1" 500 4639
::1 - - [07/Jun/2019:23:06:49 +0530] "GET /SessRepl HTTP/1.1" 500 4639
::1 - - [07/Jun/2019:23:06:50 +0530] "GET /SessRepl HTTP/1.1" 500 4639
::1 - - [07/Jun/2019:23:06:50 +0530] "GET /SessRepl HTTP/1.1" 500 4639
::1 - - [07/Jun/2019:23:06:50 +0530] "GET /SessRepl HTTP/1.1" 500 4639
::1 - - [07/Jun/2019:23:06:50 +0530] "GET /SessRepl HTTP/1.1" 500 4639
::1 - - [07/Jun/2019:23:06:50 +0530] "GET /SessRepl HTTP/1.1" 500 4639
::1 - - [07/Jun/2019:23:06:51 +0530] "GET /SessRepl HTTP/1.1" 500 4639
::1 - - [07/Jun/2019:23:06:51 +0530] "GET /SessRepl HTTP/1.1" 500 4639
::1 - - [07/Jun/2019:23:06:51 +0530] "GET /SessRepl HTTP/1.1" 500 4639
::1 - - [07/Jun/2019:23:06:51 +0530] "GET /SessRepl HTTP/1.1" 500 4639
::1 - - [07/Jun/2019:23:06:52 +0530] "GET /SessRepl HTTP/1.1" 500 4639
::1 - - [07/Jun/2019:23:06:52 +0530] "GET /SessRepl HTTP/1.1" 500 4639
::1 - - [07/Jun/2019:23:06:52 +0530] "GET /SessRepl HTTP/1.1" 500 4639
::1 - - [07/Jun/2019:23:06:52 +0530] "GET /SessRepl HTTP/1.1" 500 4639
::1 - - [07/Jun/2019:23:07:52 +0530] "-" 408 -
::1 - - [07/Jun/2019:23:14:11 +0530] "GET /SessRepl HTTP/1.1" 500 4639
::1 - - [07/Jun/2019:23:15:11 +0530] "-" 408 -
::1 - - [07/Jun/2019:23:18:51 +0530] "GET /SessRepl HTTP/1.1" 200 247
::1 - - [07/Jun/2019:23:18:58 +0530] "GET /SessRepl HTTP/1.1" 200 247
::1 - - [07/Jun/2019:23:18:59 +0530] "GET /SessRepl HTTP/1.1" 200 247
::1 - - [07/Jun/2019:23:19:00 +0530] "GET /SessRepl HTTP/1.1" 200 247
::1 - - [07/Jun/2019:23:19:01 +0530] "GET /SessRepl HTTP/1.1" 200 247
::1 - - [07/Jun/2019:23:19:01 +0530] "GET /SessRepl HTTP/1.1" 200 247
::1 - - [07/Jun/2019:23:19:01 +0530] "GET /SessRepl HTTP/1.1" 200 247
::1 - - [07/Jun/2019:23:19:01 +0530] "GET /SessRepl HTTP/1.1" 200 247
::1 - - [07/Jun/2019:23:19:01 +0530] "GET /SessRepl HTTP/1.1" 200 247
::1 - - [07/Jun/2019:23:19:01 +0530] "GET /SessRepl HTTP/1.1" 200 247
::1 - - [07/Jun/2019:23:19:02 +0530] "GET /SessRepl HTTP/1.1" 200 247
::1 - - [07/Jun/2019:23:19:02 +0530] "GET /SessRepl HTTP/1.1" 200 247
::1 - - [07/Jun/2019:23:19:02 +0530] "GET /SessRepl HTTP/1.1" 200 247
::1 - - [07/Jun/2019:23:19:02 +0530] "GET /SessRepl HTTP/1.1" 200 247
::1 - - [07/Jun/2019:23:19:03 +0530] "GET /SessRepl HTTP/1.1" 200 247
::1 - - [07/Jun/2019:23:19:03 +0530] "GET /SessRepl HTTP/1.1" 200 247
::1 - - [07/Jun/2019:23:19:03 +0530] "GET /SessRepl HTTP/1.1" 200 247
::1 - - [07/Jun/2019:23:19:04 +0530] "GET /SessRepl HTTP/1.1" 200 247
::1 - - [07/Jun/2019:23:19:04 +0530] "GET /SessRepl HTTP/1.1" 200 247
::1 - - [07/Jun/2019:23:19:04 +0530] "GET /SessRepl HTTP/1.1" 200 247
::1 - - [07/Jun/2019:23:19:04 +0530] "GET /SessRepl HTTP/1.1" 200 247
::1 - - [07/Jun/2019:23:19:04 +0530] "GET /SessRepl HTTP/1.1" 200 247
::1 - - [07/Jun/2019:23:19:10 +0530] "GET /SessRepl HTTP/1.1" 200 247
::1 - - [07/Jun/2019:23:19:11 +0530] "GET /SessRepl HTTP/1.1" 200 247
::1 - - [07/Jun/2019:23:19:11 +0530] "GET /SessRepl HTTP/1.1" 200 247
::1 - - [07/Jun/2019:23:19:11 +0530] "GET /SessRepl HTTP/1.1" 200 247
::1 - - [07/Jun/2019:23:19:11 +0530] "GET /SessRepl HTTP/1.1" 200 247
::1 - - [07/Jun/2019:23:19:11 +0530] "GET /SessRepl HTTP/1.1" 200 247
::1 - - [07/Jun/2019:23:19:12 +0530] "GET /SessRepl HTTP/1.1" 200 247
::1 - - [07/Jun/2019:23:19:12 +0530] "GET /SessRepl HTTP/1.1" 200 247
::1 - - [07/Jun/2019:23:19:12 +0530] "GET /SessRepl HTTP/1.1" 200 247
