[Fri Jun 07 22:23:31.394780 2019] [ssl:warn] [pid 29596:tid 536] AH01909: localhost:443:0 server certificate does NOT include an ID which matches the server name
[Fri Jun 07 22:23:31.567356 2019] [ssl:warn] [pid 29596:tid 536] AH01909: localhost:443:0 server certificate does NOT include an ID which matches the server name
[Fri Jun 07 22:23:31.594752 2019] [mpm_winnt:notice] [pid 29596:tid 536] AH00455: Apache/2.4.39 (Win64) OpenSSL/1.0.2s mod_jk/1.2.40 configured -- resuming normal operations
[Fri Jun 07 22:23:31.594752 2019] [mpm_winnt:notice] [pid 29596:tid 536] AH00456: Server built: May 29 2019 20:07:10
[Fri Jun 07 22:23:31.594752 2019] [core:notice] [pid 29596:tid 536] AH00094: Command line: 'httpd -d D:/mount/mjunction/tomcat-8-redis-session/apache24'
[Fri Jun 07 22:23:31.607691 2019] [mpm_winnt:notice] [pid 29596:tid 536] AH00418: Parent: Created child process 20128
Apache server interrupted...
019] [ssl:warn] [pid 20128:tid 512] AH01909: localhost:443:0 server certificate does NOT include an ID which matches the server name
[Fri Jun 07 22:23:32.178894 2019] [ssl:warn] [pid 20128:tid 512] AH01909: localhost:443:0 server certificate does NOT include an ID which matches the server name
[Fri Jun 07 22:23:32.182879 2019] [mpm_winnt:notice] [pid 20128:tid 512] AH00354: Child: Starting 64 worker threads.
[Fri Jun 07 22:24:10.113832 2019] [mpm_winnt:notice] [pid 29596:tid 536] AH00422: Parent: Received shutdown signal -- Shutting down the server.
[Fri Jun 07 22:24:12.115991 2019] [mpm_winnt:notice] [pid 20128:tid 512] AH00364: Child: All worker threads have exited.
[Fri Jun 07 22:24:12.131949 2019] [mpm_winnt:notice] [pid 29596:tid 536] AH00430: Parent: Child process 20128 exited successfully.
[Fri Jun 07 22:25:38.899860 2019] [ssl:warn] [pid 29496:tid 528] AH01909: localhost:443:0 server certificate does NOT include an ID which matches the server name
[Fri Jun 07 22:25:39.110528 2019] [ssl:warn] [pid 29496:tid 528] AH01909: localhost:443:0 server certificate does NOT include an ID which matches the server name
[Fri Jun 07 22:25:39.111526 2019] [mpm_winnt:notice] [pid 29496:tid 528] AH00455: Apache/2.4.39 (Win64) OpenSSL/1.0.2s mod_jk/1.2.40 configured -- resuming normal operations
[Fri Jun 07 22:25:39.111526 2019] [mpm_winnt:notice] [pid 29496:tid 528] AH00456: Server built: May 29 2019 20:07:10
[Fri Jun 07 22:25:39.111526 2019] [core:notice] [pid 29496:tid 528] AH00094: Command line: 'httpd -d D:/mount/mjunction/tomcat-8-redis-session/apache24'
[Fri Jun 07 22:25:39.120503 2019] [mpm_winnt:notice] [pid 29496:tid 528] AH00418: Parent: Created child process 20144
Apache server interrupted...
019] [ssl:warn] [pid 20144:tid 528] AH01909: localhost:443:0 server certificate does NOT include an ID which matches the server name
[Fri Jun 07 22:25:39.671839 2019] [ssl:warn] [pid 20144:tid 528] AH01909: localhost:443:0 server certificate does NOT include an ID which matches the server name
[Fri Jun 07 22:25:39.674834 2019] [mpm_winnt:notice] [pid 20144:tid 528] AH00354: Child: Starting 64 worker threads.
[Fri Jun 07 22:27:41.069229 2019] [mpm_winnt:notice] [pid 29496:tid 528] AH00422: Parent: Received shutdown signal -- Shutting down the server.
[Fri Jun 07 22:27:43.071561 2019] [mpm_winnt:notice] [pid 20144:tid 528] AH00364: Child: All worker threads have exited.
[Fri Jun 07 22:27:43.088770 2019] [mpm_winnt:notice] [pid 29496:tid 528] AH00430: Parent: Child process 20144 exited successfully.
[Fri Jun 07 22:54:27.101807 2019] [ssl:warn] [pid 13244:tid 572] AH01909: localhost:443:0 server certificate does NOT include an ID which matches the server name
[Fri Jun 07 22:54:27.311247 2019] [ssl:warn] [pid 13244:tid 572] AH01909: localhost:443:0 server certificate does NOT include an ID which matches the server name
[Fri Jun 07 22:54:27.313287 2019] [mpm_winnt:notice] [pid 13244:tid 572] AH00455: Apache/2.4.39 (Win64) OpenSSL/1.0.2s mod_jk/1.2.40 configured -- resuming normal operations
[Fri Jun 07 22:54:27.313287 2019] [mpm_winnt:notice] [pid 13244:tid 572] AH00456: Server built: May 29 2019 20:07:10
[Fri Jun 07 22:54:27.313287 2019] [core:notice] [pid 13244:tid 572] AH00094: Command line: 'httpd -d D:/mount/mjunction/tomcat-8-redis-session/apache24'
[Fri Jun 07 22:54:27.317258 2019] [mpm_winnt:notice] [pid 13244:tid 572] AH00418: Parent: Created child process 12188
Apache server interrupted...
019] [ssl:warn] [pid 12188:tid 124] AH01909: localhost:443:0 server certificate does NOT include an ID which matches the server name
[Fri Jun 07 22:54:27.903690 2019] [ssl:warn] [pid 12188:tid 124] AH01909: localhost:443:0 server certificate does NOT include an ID which matches the server name
[Fri Jun 07 22:54:27.907680 2019] [mpm_winnt:notice] [pid 12188:tid 124] AH00354: Child: Starting 64 worker threads.
[Fri Jun 07 23:01:52.597728 2019] [mpm_winnt:notice] [pid 13244:tid 572] AH00422: Parent: Received shutdown signal -- Shutting down the server.
[Fri Jun 07 23:01:54.598619 2019] [mpm_winnt:notice] [pid 12188:tid 124] AH00364: Child: All worker threads have exited.
[Fri Jun 07 23:01:54.613580 2019] [mpm_winnt:notice] [pid 13244:tid 572] AH00430: Parent: Child process 12188 exited successfully.
[Fri Jun 07 23:03:59.740842 2019] [ssl:warn] [pid 10460:tid 508] AH01909: localhost:443:0 server certificate does NOT include an ID which matches the server name
[Fri Jun 07 23:03:59.907428 2019] [ssl:warn] [pid 10460:tid 508] AH01909: localhost:443:0 server certificate does NOT include an ID which matches the server name
[Fri Jun 07 23:03:59.908431 2019] [mpm_winnt:notice] [pid 10460:tid 508] AH00455: Apache/2.4.39 (Win64) OpenSSL/1.0.2s mod_jk/1.2.40 configured -- resuming normal operations
[Fri Jun 07 23:03:59.909420 2019] [mpm_winnt:notice] [pid 10460:tid 508] AH00456: Server built: May 29 2019 20:07:10
[Fri Jun 07 23:03:59.909420 2019] [core:notice] [pid 10460:tid 508] AH00094: Command line: 'httpd -d D:/mount/mjunction/tomcat-8-redis-session/apache24'
[Fri Jun 07 23:03:59.913382 2019] [mpm_winnt:notice] [pid 10460:tid 508] AH00418: Parent: Created child process 7272
Apache server interrupted...
019] [ssl:warn] [pid 7272:tid 544] AH01909: localhost:443:0 server certificate does NOT include an ID which matches the server name
[Fri Jun 07 23:04:00.433019 2019] [ssl:warn] [pid 7272:tid 544] AH01909: localhost:443:0 server certificate does NOT include an ID which matches the server name
[Fri Jun 07 23:04:00.435984 2019] [mpm_winnt:notice] [pid 7272:tid 544] AH00354: Child: Starting 64 worker threads.
[Fri Jun 07 23:19:38.042268 2019] [mpm_winnt:notice] [pid 10460:tid 508] AH00422: Parent: Received shutdown signal -- Shutting down the server.
Apache server shutdown initiated...
[Fri Jun 07 23:19:51.325015 2019] [mpm_winnt:notice] [pid 7272:tid 544] AH00364: Child: All worker threads have exited.
