07-Jun-2019 19:31:39.038 INFO [main] org.apache.catalina.startup.VersionLoggerListener.log Server version:        Apache Tomcat/8.5.41
07-Jun-2019 19:31:39.039 INFO [main] org.apache.catalina.startup.VersionLoggerListener.log Server built:          May 4 2019 09:17:16 UTC
07-Jun-2019 19:31:39.039 INFO [main] org.apache.catalina.startup.VersionLoggerListener.log Server number:         8.5.41.0
07-Jun-2019 19:31:39.039 INFO [main] org.apache.catalina.startup.VersionLoggerListener.log OS Name:               Windows 10
07-Jun-2019 19:31:39.039 INFO [main] org.apache.catalina.startup.VersionLoggerListener.log OS Version:            10.0
07-Jun-2019 19:31:39.039 INFO [main] org.apache.catalina.startup.VersionLoggerListener.log Architecture:          amd64
07-Jun-2019 19:31:39.039 INFO [main] org.apache.catalina.startup.VersionLoggerListener.log Java Home:             C:\Program Files\Java\jdk1.8.0_191\jre
07-Jun-2019 19:31:39.040 INFO [main] org.apache.catalina.startup.VersionLoggerListener.log JVM Version:           1.8.0_191-b12
07-Jun-2019 19:31:39.040 INFO [main] org.apache.catalina.startup.VersionLoggerListener.log JVM Vendor:            Oracle Corporation
07-Jun-2019 19:31:39.040 INFO [main] org.apache.catalina.startup.VersionLoggerListener.log CATALINA_BASE:         D:\mount\mjunction\tomcat-8-redis-session
07-Jun-2019 19:31:39.040 INFO [main] org.apache.catalina.startup.VersionLoggerListener.log CATALINA_HOME:         D:\mount\mjunction\tomcat-8-redis-session
07-Jun-2019 19:31:39.040 INFO [main] org.apache.catalina.startup.VersionLoggerListener.log Command line argument: -Djava.util.logging.config.file=D:\mount\mjunction\tomcat-8-redis-session\conf\logging.properties
07-Jun-2019 19:31:39.040 INFO [main] org.apache.catalina.startup.VersionLoggerListener.log Command line argument: -Djava.util.logging.manager=org.apache.juli.ClassLoaderLogManager
07-Jun-2019 19:31:39.041 INFO [main] org.apache.catalina.startup.VersionLoggerListener.log Command line argument: -Djdk.tls.ephemeralDHKeySize=2048
07-Jun-2019 19:31:39.041 INFO [main] org.apache.catalina.startup.VersionLoggerListener.log Command line argument: -Djava.protocol.handler.pkgs=org.apache.catalina.webresources
07-Jun-2019 19:31:39.041 INFO [main] org.apache.catalina.startup.VersionLoggerListener.log Command line argument: -Dignore.endorsed.dirs=
07-Jun-2019 19:31:39.041 INFO [main] org.apache.catalina.startup.VersionLoggerListener.log Command line argument: -Dcatalina.base=D:\mount\mjunction\tomcat-8-redis-session
07-Jun-2019 19:31:39.041 INFO [main] org.apache.catalina.startup.VersionLoggerListener.log Command line argument: -Dcatalina.home=D:\mount\mjunction\tomcat-8-redis-session
07-Jun-2019 19:31:39.041 INFO [main] org.apache.catalina.startup.VersionLoggerListener.log Command line argument: -Djava.io.tmpdir=D:\mount\mjunction\tomcat-8-redis-session\temp
07-Jun-2019 19:31:39.042 INFO [main] org.apache.catalina.core.AprLifecycleListener.lifecycleEvent Loaded APR based Apache Tomcat Native library [1.2.21] using APR version [1.6.5].
07-Jun-2019 19:31:39.042 INFO [main] org.apache.catalina.core.AprLifecycleListener.lifecycleEvent APR capabilities: IPv6 [true], sendfile [true], accept filters [false], random [true].
07-Jun-2019 19:31:39.042 INFO [main] org.apache.catalina.core.AprLifecycleListener.lifecycleEvent APR/OpenSSL configuration: useAprConnector [false], useOpenSSL [true]
07-Jun-2019 19:31:39.086 INFO [main] org.apache.catalina.core.AprLifecycleListener.initializeSSL OpenSSL successfully initialized [OpenSSL 1.1.1a  20 Nov 2018]
07-Jun-2019 19:31:39.191 INFO [main] org.apache.coyote.AbstractProtocol.init Initializing ProtocolHandler ["http-nio-8080"]
07-Jun-2019 19:31:39.211 INFO [main] org.apache.tomcat.util.net.NioSelectorPool.getSharedSelector Using a shared selector for servlet write/read
07-Jun-2019 19:31:39.219 INFO [main] org.apache.coyote.AbstractProtocol.init Initializing ProtocolHandler ["ajp-nio-8009"]
07-Jun-2019 19:31:39.220 INFO [main] org.apache.tomcat.util.net.NioSelectorPool.getSharedSelector Using a shared selector for servlet write/read
07-Jun-2019 19:31:39.220 INFO [main] org.apache.catalina.startup.Catalina.load Initialization processed in 1921 ms
07-Jun-2019 19:31:40.202 INFO [main] org.apache.catalina.core.StandardService.startInternal Starting service [Catalina]
07-Jun-2019 19:31:40.202 INFO [main] org.apache.catalina.core.StandardEngine.startInternal Starting Servlet Engine: Apache Tomcat/8.5.41
07-Jun-2019 19:31:40.239 INFO [localhost-startStop-1] org.apache.catalina.startup.HostConfig.deployDirectory Deploying web application directory [D:\mount\mjunction\tomcat-8-redis-session\webapps\docs]
07-Jun-2019 19:31:41.469 INFO [localhost-startStop-1] org.apache.jasper.servlet.TldScanner.scanJars At least one JAR was scanned for TLDs yet contained no TLDs. Enable debug logging for this logger for a complete list of JARs that were scanned but no TLDs were found in them. Skipping unneeded JARs during scanning can improve startup time and JSP compilation time.
07-Jun-2019 19:31:41.504 INFO [localhost-startStop-1] org.apache.catalina.startup.HostConfig.deployDirectory Deployment of web application directory [D:\mount\mjunction\tomcat-8-redis-session\webapps\docs] has finished in [1,264] ms
07-Jun-2019 19:31:41.504 INFO [localhost-startStop-1] org.apache.catalina.startup.HostConfig.deployDirectory Deploying web application directory [D:\mount\mjunction\tomcat-8-redis-session\webapps\examples]
07-Jun-2019 19:31:42.724 INFO [localhost-startStop-1] org.apache.jasper.servlet.TldScanner.scanJars At least one JAR was scanned for TLDs yet contained no TLDs. Enable debug logging for this logger for a complete list of JARs that were scanned but no TLDs were found in them. Skipping unneeded JARs during scanning can improve startup time and JSP compilation time.
07-Jun-2019 19:31:42.754 INFO [localhost-startStop-1] org.apache.catalina.startup.HostConfig.deployDirectory Deployment of web application directory [D:\mount\mjunction\tomcat-8-redis-session\webapps\examples] has finished in [1,250] ms
07-Jun-2019 19:31:42.754 INFO [localhost-startStop-1] org.apache.catalina.startup.HostConfig.deployDirectory Deploying web application directory [D:\mount\mjunction\tomcat-8-redis-session\webapps\host-manager]
07-Jun-2019 19:31:43.646 INFO [localhost-startStop-1] org.apache.jasper.servlet.TldScanner.scanJars At least one JAR was scanned for TLDs yet contained no TLDs. Enable debug logging for this logger for a complete list of JARs that were scanned but no TLDs were found in them. Skipping unneeded JARs during scanning can improve startup time and JSP compilation time.
07-Jun-2019 19:31:43.651 INFO [localhost-startStop-1] org.apache.catalina.startup.HostConfig.deployDirectory Deployment of web application directory [D:\mount\mjunction\tomcat-8-redis-session\webapps\host-manager] has finished in [897] ms
07-Jun-2019 19:31:43.651 INFO [localhost-startStop-1] org.apache.catalina.startup.HostConfig.deployDirectory Deploying web application directory [D:\mount\mjunction\tomcat-8-redis-session\webapps\manager]
07-Jun-2019 19:31:44.493 INFO [localhost-startStop-1] org.apache.jasper.servlet.TldScanner.scanJars At least one JAR was scanned for TLDs yet contained no TLDs. Enable debug logging for this logger for a complete list of JARs that were scanned but no TLDs were found in them. Skipping unneeded JARs during scanning can improve startup time and JSP compilation time.
07-Jun-2019 19:31:44.495 INFO [localhost-startStop-1] org.apache.catalina.startup.HostConfig.deployDirectory Deployment of web application directory [D:\mount\mjunction\tomcat-8-redis-session\webapps\manager] has finished in [844] ms
07-Jun-2019 19:31:44.495 INFO [localhost-startStop-1] org.apache.catalina.startup.HostConfig.deployDirectory Deploying web application directory [D:\mount\mjunction\tomcat-8-redis-session\webapps\ROOT]
07-Jun-2019 19:31:45.267 INFO [localhost-startStop-1] org.apache.jasper.servlet.TldScanner.scanJars At least one JAR was scanned for TLDs yet contained no TLDs. Enable debug logging for this logger for a complete list of JARs that were scanned but no TLDs were found in them. Skipping unneeded JARs during scanning can improve startup time and JSP compilation time.
07-Jun-2019 19:31:45.271 INFO [localhost-startStop-1] org.apache.catalina.startup.HostConfig.deployDirectory Deployment of web application directory [D:\mount\mjunction\tomcat-8-redis-session\webapps\ROOT] has finished in [776] ms
07-Jun-2019 19:31:45.275 INFO [main] org.apache.coyote.AbstractProtocol.start Starting ProtocolHandler ["http-nio-8080"]
07-Jun-2019 19:31:45.280 INFO [main] org.apache.coyote.AbstractProtocol.start Starting ProtocolHandler ["ajp-nio-8009"]
07-Jun-2019 19:31:45.282 INFO [main] org.apache.catalina.startup.Catalina.start Server startup in 6061 ms
07-Jun-2019 19:32:15.465 INFO [Thread-7] org.apache.coyote.AbstractProtocol.pause Pausing ProtocolHandler ["http-nio-8080"]
07-Jun-2019 19:32:15.608 INFO [Thread-7] org.apache.coyote.AbstractProtocol.pause Pausing ProtocolHandler ["ajp-nio-8009"]
07-Jun-2019 19:32:15.764 INFO [Thread-7] org.apache.catalina.core.StandardService.stopInternal Stopping service [Catalina]
07-Jun-2019 19:32:15.795 INFO [Thread-7] org.apache.coyote.AbstractProtocol.stop Stopping ProtocolHandler ["http-nio-8080"]
07-Jun-2019 19:32:15.797 INFO [Thread-7] org.apache.coyote.AbstractProtocol.stop Stopping ProtocolHandler ["ajp-nio-8009"]
07-Jun-2019 19:32:15.840 INFO [Thread-7] org.apache.coyote.AbstractProtocol.destroy Destroying ProtocolHandler ["http-nio-8080"]
07-Jun-2019 19:32:15.840 INFO [Thread-7] org.apache.coyote.AbstractProtocol.destroy Destroying ProtocolHandler ["ajp-nio-8009"]
07-Jun-2019 22:27:23.213 SEVERE [main] org.apache.tomcat.util.digester.Digester.startElement Begin event threw exception
	java.lang.ClassNotFoundException: org.apache.catalina.tribes.group.interceptors.MessageDispatch15Interceptor
		at java.net.URLClassLoader.findClass(URLClassLoader.java:382)
		at java.lang.ClassLoader.loadClass(ClassLoader.java:424)
		at java.lang.ClassLoader.loadClass(ClassLoader.java:357)
		at org.apache.tomcat.util.digester.ObjectCreateRule.begin(ObjectCreateRule.java:116)
		at org.apache.tomcat.util.digester.Digester.startElement(Digester.java:1250)
		at com.sun.org.apache.xerces.internal.parsers.AbstractSAXParser.startElement(AbstractSAXParser.java:509)
		at com.sun.org.apache.xerces.internal.parsers.AbstractXMLDocumentParser.emptyElement(AbstractXMLDocumentParser.java:182)
		at com.sun.org.apache.xerces.internal.impl.XMLDocumentFragmentScannerImpl.scanStartElement(XMLDocumentFragmentScannerImpl.java:1339)
		at com.sun.org.apache.xerces.internal.impl.XMLDocumentFragmentScannerImpl$FragmentContentDriver.next(XMLDocumentFragmentScannerImpl.java:2784)
		at com.sun.org.apache.xerces.internal.impl.XMLDocumentScannerImpl.next(XMLDocumentScannerImpl.java:602)
		at com.sun.org.apache.xerces.internal.impl.XMLDocumentFragmentScannerImpl.scanDocument(XMLDocumentFragmentScannerImpl.java:505)
		at com.sun.org.apache.xerces.internal.parsers.XML11Configuration.parse(XML11Configuration.java:842)
		at com.sun.org.apache.xerces.internal.parsers.XML11Configuration.parse(XML11Configuration.java:771)
		at com.sun.org.apache.xerces.internal.parsers.XMLParser.parse(XMLParser.java:141)
		at com.sun.org.apache.xerces.internal.parsers.AbstractSAXParser.parse(AbstractSAXParser.java:1213)
		at com.sun.org.apache.xerces.internal.jaxp.SAXParserImpl$JAXPSAXParser.parse(SAXParserImpl.java:643)
		at org.apache.tomcat.util.digester.Digester.parse(Digester.java:1518)
		at org.apache.catalina.startup.Catalina.load(Catalina.java:611)
		at org.apache.catalina.startup.Catalina.load(Catalina.java:662)
		at sun.reflect.NativeMethodAccessorImpl.invoke0(Native Method)
		at sun.reflect.NativeMethodAccessorImpl.invoke(NativeMethodAccessorImpl.java:62)
		at sun.reflect.DelegatingMethodAccessorImpl.invoke(DelegatingMethodAccessorImpl.java:43)
		at java.lang.reflect.Method.invoke(Method.java:498)
		at org.apache.catalina.startup.Bootstrap.load(Bootstrap.java:309)
		at org.apache.catalina.startup.Bootstrap.main(Bootstrap.java:492)
07-Jun-2019 22:27:23.216 WARNING [main] org.apache.catalina.startup.Catalina.load Catalina.start using conf/server.xml: Error at (153, 105) : org.apache.catalina.tribes.group.interceptors.MessageDispatch15Interceptor
07-Jun-2019 22:27:23.217 SEVERE [main] org.apache.catalina.startup.Catalina.start Cannot start server. Server instance is not configured.
07-Jun-2019 22:38:47.692 SEVERE [main] org.apache.tomcat.util.digester.Digester.startElement Begin event threw exception
	java.lang.ClassNotFoundException: org.apache.catalina.tribes.group.interceptors.MessageDispatch15Interceptor
		at java.net.URLClassLoader.findClass(URLClassLoader.java:382)
		at java.lang.ClassLoader.loadClass(ClassLoader.java:424)
		at java.lang.ClassLoader.loadClass(ClassLoader.java:357)
		at org.apache.tomcat.util.digester.ObjectCreateRule.begin(ObjectCreateRule.java:116)
		at org.apache.tomcat.util.digester.Digester.startElement(Digester.java:1250)
		at com.sun.org.apache.xerces.internal.parsers.AbstractSAXParser.startElement(AbstractSAXParser.java:509)
		at com.sun.org.apache.xerces.internal.parsers.AbstractXMLDocumentParser.emptyElement(AbstractXMLDocumentParser.java:182)
		at com.sun.org.apache.xerces.internal.impl.XMLDocumentFragmentScannerImpl.scanStartElement(XMLDocumentFragmentScannerImpl.java:1339)
		at com.sun.org.apache.xerces.internal.impl.XMLDocumentFragmentScannerImpl$FragmentContentDriver.next(XMLDocumentFragmentScannerImpl.java:2784)
		at com.sun.org.apache.xerces.internal.impl.XMLDocumentScannerImpl.next(XMLDocumentScannerImpl.java:602)
		at com.sun.org.apache.xerces.internal.impl.XMLDocumentFragmentScannerImpl.scanDocument(XMLDocumentFragmentScannerImpl.java:505)
		at com.sun.org.apache.xerces.internal.parsers.XML11Configuration.parse(XML11Configuration.java:842)
		at com.sun.org.apache.xerces.internal.parsers.XML11Configuration.parse(XML11Configuration.java:771)
		at com.sun.org.apache.xerces.internal.parsers.XMLParser.parse(XMLParser.java:141)
		at com.sun.org.apache.xerces.internal.parsers.AbstractSAXParser.parse(AbstractSAXParser.java:1213)
		at com.sun.org.apache.xerces.internal.jaxp.SAXParserImpl$JAXPSAXParser.parse(SAXParserImpl.java:643)
		at org.apache.tomcat.util.digester.Digester.parse(Digester.java:1518)
		at org.apache.catalina.startup.Catalina.load(Catalina.java:611)
		at org.apache.catalina.startup.Catalina.load(Catalina.java:662)
		at sun.reflect.NativeMethodAccessorImpl.invoke0(Native Method)
		at sun.reflect.NativeMethodAccessorImpl.invoke(NativeMethodAccessorImpl.java:62)
		at sun.reflect.DelegatingMethodAccessorImpl.invoke(DelegatingMethodAccessorImpl.java:43)
		at java.lang.reflect.Method.invoke(Method.java:498)
		at org.apache.catalina.startup.Bootstrap.load(Bootstrap.java:309)
		at org.apache.catalina.startup.Bootstrap.main(Bootstrap.java:492)
07-Jun-2019 22:52:30.052 INFO [main] org.apache.catalina.startup.VersionLoggerListener.log Server version:        Apache Tomcat/8.5.41
07-Jun-2019 22:52:30.064 INFO [main] org.apache.catalina.startup.VersionLoggerListener.log Server built:          May 4 2019 09:17:16 UTC
07-Jun-2019 22:52:30.065 INFO [main] org.apache.catalina.startup.VersionLoggerListener.log Server number:         8.5.41.0
07-Jun-2019 22:52:30.067 INFO [main] org.apache.catalina.startup.VersionLoggerListener.log OS Name:               Windows 10
07-Jun-2019 22:52:30.067 INFO [main] org.apache.catalina.startup.VersionLoggerListener.log OS Version:            10.0
07-Jun-2019 22:52:30.067 INFO [main] org.apache.catalina.startup.VersionLoggerListener.log Architecture:          amd64
07-Jun-2019 22:52:30.068 INFO [main] org.apache.catalina.startup.VersionLoggerListener.log Java Home:             C:\Program Files\Java\jdk1.8.0_191\jre
07-Jun-2019 22:52:30.068 INFO [main] org.apache.catalina.startup.VersionLoggerListener.log JVM Version:           1.8.0_191-b12
07-Jun-2019 22:52:30.068 INFO [main] org.apache.catalina.startup.VersionLoggerListener.log JVM Vendor:            Oracle Corporation
07-Jun-2019 22:52:30.068 INFO [main] org.apache.catalina.startup.VersionLoggerListener.log CATALINA_BASE:         D:\mount\mjunction\tomcat-8-redis-session\tomcat8-jdk8-redis-session-1
07-Jun-2019 22:52:30.068 INFO [main] org.apache.catalina.startup.VersionLoggerListener.log CATALINA_HOME:         D:\mount\mjunction\tomcat-8-redis-session\tomcat8-jdk8-redis-session-1
07-Jun-2019 22:52:30.068 INFO [main] org.apache.catalina.startup.VersionLoggerListener.log Command line argument: -Djava.util.logging.config.file=D:\mount\mjunction\tomcat-8-redis-session\tomcat8-jdk8-redis-session-1\conf\logging.properties
07-Jun-2019 22:52:30.069 INFO [main] org.apache.catalina.startup.VersionLoggerListener.log Command line argument: -Djava.util.logging.manager=org.apache.juli.ClassLoaderLogManager
07-Jun-2019 22:52:30.069 INFO [main] org.apache.catalina.startup.VersionLoggerListener.log Command line argument: -Djdk.tls.ephemeralDHKeySize=2048
07-Jun-2019 22:52:30.069 INFO [main] org.apache.catalina.startup.VersionLoggerListener.log Command line argument: -Djava.protocol.handler.pkgs=org.apache.catalina.webresources
07-Jun-2019 22:52:30.069 INFO [main] org.apache.catalina.startup.VersionLoggerListener.log Command line argument: -Dignore.endorsed.dirs=
07-Jun-2019 22:52:30.069 INFO [main] org.apache.catalina.startup.VersionLoggerListener.log Command line argument: -Dcatalina.base=D:\mount\mjunction\tomcat-8-redis-session\tomcat8-jdk8-redis-session-1
07-Jun-2019 22:52:30.069 INFO [main] org.apache.catalina.startup.VersionLoggerListener.log Command line argument: -Dcatalina.home=D:\mount\mjunction\tomcat-8-redis-session\tomcat8-jdk8-redis-session-1
07-Jun-2019 22:52:30.069 INFO [main] org.apache.catalina.startup.VersionLoggerListener.log Command line argument: -Djava.io.tmpdir=D:\mount\mjunction\tomcat-8-redis-session\tomcat8-jdk8-redis-session-1\temp
07-Jun-2019 22:52:30.069 INFO [main] org.apache.catalina.core.AprLifecycleListener.lifecycleEvent Loaded APR based Apache Tomcat Native library [1.2.21] using APR version [1.6.5].
07-Jun-2019 22:52:30.069 INFO [main] org.apache.catalina.core.AprLifecycleListener.lifecycleEvent APR capabilities: IPv6 [true], sendfile [true], accept filters [false], random [true].
07-Jun-2019 22:52:30.070 INFO [main] org.apache.catalina.core.AprLifecycleListener.lifecycleEvent APR/OpenSSL configuration: useAprConnector [false], useOpenSSL [true]
07-Jun-2019 22:52:30.073 INFO [main] org.apache.catalina.core.AprLifecycleListener.initializeSSL OpenSSL successfully initialized [OpenSSL 1.1.1a  20 Nov 2018]
07-Jun-2019 22:52:31.107 INFO [main] org.apache.coyote.AbstractProtocol.init Initializing ProtocolHandler ["http-nio-8080"]
07-Jun-2019 22:52:31.348 INFO [main] org.apache.tomcat.util.net.NioSelectorPool.getSharedSelector Using a shared selector for servlet write/read
07-Jun-2019 22:52:31.375 INFO [main] org.apache.coyote.AbstractProtocol.init Initializing ProtocolHandler ["ajp-nio-8009"]
07-Jun-2019 22:52:31.376 INFO [main] org.apache.tomcat.util.net.NioSelectorPool.getSharedSelector Using a shared selector for servlet write/read
07-Jun-2019 22:52:31.376 INFO [main] org.apache.catalina.startup.Catalina.load Initialization processed in 3859 ms
07-Jun-2019 22:52:36.452 SEVERE [main] org.apache.catalina.mbeans.GlobalResourcesLifecycleListener.createMBeans Exception processing Global JNDI Resources
	javax.naming.NamingException [Root exception is org.redisson.client.RedisConnectionException: Unable to connect to Redis server: 127.0.0.1/127.0.0.1:6379]
		at org.redisson.JndiRedissonFactory.buildClient(JndiRedissonFactory.java:66)
		at org.redisson.JndiRedissonFactory.getObjectInstance(JndiRedissonFactory.java:45)
		at org.apache.naming.factory.FactoryBase.getObjectInstance(FactoryBase.java:94)
		at javax.naming.spi.NamingManager.getObjectInstance(NamingManager.java:321)
		at org.apache.naming.NamingContext.lookup(NamingContext.java:839)
		at org.apache.naming.NamingContext.lookup(NamingContext.java:159)
		at org.apache.naming.NamingContextBindingsEnumeration.nextElementInternal(NamingContextBindingsEnumeration.java:117)
		at org.apache.naming.NamingContextBindingsEnumeration.next(NamingContextBindingsEnumeration.java:71)
		at org.apache.naming.NamingContextBindingsEnumeration.next(NamingContextBindingsEnumeration.java:34)
		at org.apache.catalina.mbeans.GlobalResourcesLifecycleListener.createMBeans(GlobalResourcesLifecycleListener.java:132)
		at org.apache.catalina.mbeans.GlobalResourcesLifecycleListener.createMBeans(GlobalResourcesLifecycleListener.java:139)
		at org.apache.catalina.mbeans.GlobalResourcesLifecycleListener.createMBeans(GlobalResourcesLifecycleListener.java:106)
		at org.apache.catalina.mbeans.GlobalResourcesLifecycleListener.lifecycleEvent(GlobalResourcesLifecycleListener.java:81)
		at org.apache.catalina.util.LifecycleBase.fireLifecycleEvent(LifecycleBase.java:94)
		at org.apache.catalina.util.LifecycleBase.setStateInternal(LifecycleBase.java:394)
		at org.apache.catalina.util.LifecycleBase.setState(LifecycleBase.java:338)
		at org.apache.catalina.core.StandardServer.startInternal(StandardServer.java:786)
		at org.apache.catalina.util.LifecycleBase.start(LifecycleBase.java:150)
		at org.apache.catalina.startup.Catalina.start(Catalina.java:688)
		at sun.reflect.NativeMethodAccessorImpl.invoke0(Native Method)
		at sun.reflect.NativeMethodAccessorImpl.invoke(NativeMethodAccessorImpl.java:62)
		at sun.reflect.DelegatingMethodAccessorImpl.invoke(DelegatingMethodAccessorImpl.java:43)
		at java.lang.reflect.Method.invoke(Method.java:498)
		at org.apache.catalina.startup.Bootstrap.start(Bootstrap.java:353)
		at org.apache.catalina.startup.Bootstrap.main(Bootstrap.java:493)
	Caused by: org.redisson.client.RedisConnectionException: Unable to connect to Redis server: 127.0.0.1/127.0.0.1:6379
		at org.redisson.connection.pool.ConnectionPool$1.lambda$run$0(ConnectionPool.java:160)
		at org.redisson.misc.RedissonPromise.lambda$onComplete$0(RedissonPromise.java:183)
		at io.netty.util.concurrent.DefaultPromise.notifyListener0(DefaultPromise.java:502)
		at io.netty.util.concurrent.DefaultPromise.notifyListenersNow(DefaultPromise.java:476)
		at io.netty.util.concurrent.DefaultPromise.notifyListeners(DefaultPromise.java:415)
		at io.netty.util.concurrent.DefaultPromise.setValue0(DefaultPromise.java:540)
		at io.netty.util.concurrent.DefaultPromise.setFailure0(DefaultPromise.java:533)
		at io.netty.util.concurrent.DefaultPromise.tryFailure(DefaultPromise.java:114)
		at org.redisson.misc.RedissonPromise.tryFailure(RedissonPromise.java:96)
		at org.redisson.connection.pool.ConnectionPool.promiseFailure(ConnectionPool.java:330)
		at org.redisson.connection.pool.ConnectionPool.lambda$createConnection$1(ConnectionPool.java:296)
		at org.redisson.misc.RedissonPromise.lambda$onComplete$0(RedissonPromise.java:183)
		at io.netty.util.concurrent.DefaultPromise.notifyListener0(DefaultPromise.java:502)
		at io.netty.util.concurrent.DefaultPromise.notifyListeners0(DefaultPromise.java:495)
		at io.netty.util.concurrent.DefaultPromise.notifyListenersNow(DefaultPromise.java:474)
		at io.netty.util.concurrent.DefaultPromise.notifyListeners(DefaultPromise.java:415)
		at io.netty.util.concurrent.DefaultPromise.setValue0(DefaultPromise.java:540)
		at io.netty.util.concurrent.DefaultPromise.setFailure0(DefaultPromise.java:533)
		at io.netty.util.concurrent.DefaultPromise.tryFailure(DefaultPromise.java:114)
		at org.redisson.misc.RedissonPromise.tryFailure(RedissonPromise.java:96)
		at org.redisson.client.RedisClient$2$2.run(RedisClient.java:245)
		at io.netty.util.concurrent.AbstractEventExecutor.safeExecute(AbstractEventExecutor.java:163)
		at io.netty.util.concurrent.SingleThreadEventExecutor.runAllTasks(SingleThreadEventExecutor.java:405)
		at io.netty.channel.nio.NioEventLoop.run(NioEventLoop.java:500)
		at io.netty.util.concurrent.SingleThreadEventExecutor$5.run(SingleThreadEventExecutor.java:906)
		at io.netty.util.internal.ThreadExecutorMap$2.run(ThreadExecutorMap.java:74)
		at io.netty.util.concurrent.FastThreadLocalRunnable.run(FastThreadLocalRunnable.java:30)
		at java.lang.Thread.run(Thread.java:748)
	Caused by: io.netty.channel.AbstractChannel$AnnotatedConnectException: Connection refused: no further information: 127.0.0.1/127.0.0.1:6379
		at sun.nio.ch.SocketChannelImpl.checkConnect(Native Method)
		at sun.nio.ch.SocketChannelImpl.finishConnect(SocketChannelImpl.java:717)
		at io.netty.channel.socket.nio.NioSocketChannel.doFinishConnect(NioSocketChannel.java:327)
		at io.netty.channel.nio.AbstractNioChannel$AbstractNioUnsafe.finishConnect(AbstractNioChannel.java:340)
		at io.netty.channel.nio.NioEventLoop.processSelectedKey(NioEventLoop.java:670)
		at io.netty.channel.nio.NioEventLoop.processSelectedKeysOptimized(NioEventLoop.java:617)
		at io.netty.channel.nio.NioEventLoop.processSelectedKeys(NioEventLoop.java:534)
		at io.netty.channel.nio.NioEventLoop.run(NioEventLoop.java:496)
		... 4 more
	Caused by: java.net.ConnectException: Connection refused: no further information
		... 12 more
07-Jun-2019 22:52:36.453 INFO [main] org.apache.catalina.core.StandardService.startInternal Starting service [Catalina]
07-Jun-2019 22:52:36.457 INFO [main] org.apache.catalina.core.StandardEngine.startInternal Starting Servlet Engine: Apache Tomcat/8.5.41
07-Jun-2019 22:52:36.467 INFO [main] org.apache.catalina.ha.tcp.SimpleTcpCluster.startInternal Cluster is about to start
07-Jun-2019 22:52:36.473 INFO [main] org.apache.catalina.tribes.transport.ReceiverBase.bind Receiver Server Socket bound to:[/192.168.208.1:4000]
07-Jun-2019 22:52:36.482 INFO [main] org.apache.catalina.tribes.membership.McastServiceImpl.setupSocket Setting cluster mcast soTimeout to [500]
07-Jun-2019 22:52:36.484 INFO [main] org.apache.catalina.tribes.membership.McastServiceImpl.waitForMembers Sleeping for [1000] milliseconds to establish cluster membership, start level:[4]
07-Jun-2019 22:52:37.485 INFO [main] org.apache.catalina.tribes.membership.McastServiceImpl.waitForMembers Done sleeping, membership established, start level:[4]
07-Jun-2019 22:52:37.486 INFO [main] org.apache.catalina.tribes.membership.McastServiceImpl.waitForMembers Sleeping for [1000] milliseconds to establish cluster membership, start level:[8]
07-Jun-2019 22:52:38.486 INFO [main] org.apache.catalina.tribes.membership.McastServiceImpl.waitForMembers Done sleeping, membership established, start level:[8]
07-Jun-2019 22:52:38.613 INFO [localhost-startStop-1] org.apache.catalina.startup.HostConfig.deployWAR Deploying web application archive [D:\mount\mjunction\tomcat-8-redis-session\tomcat8-jdk8-redis-session-1\webapps\ROOT.war]
07-Jun-2019 22:52:44.142 WARNING [localhost-startStop-1] org.apache.catalina.ha.tcp.SimpleTcpCluster.registerManager Manager [org.redisson.tomcat.JndiRedissonSessionManager[]] does not implement ClusterManager, addition to cluster has been aborted.
07-Jun-2019 22:52:44.183 INFO [localhost-startStop-1] org.apache.jasper.servlet.TldScanner.scanJars At least one JAR was scanned for TLDs yet contained no TLDs. Enable debug logging for this logger for a complete list of JARs that were scanned but no TLDs were found in them. Skipping unneeded JARs during scanning can improve startup time and JSP compilation time.
07-Jun-2019 22:52:44.222 INFO [localhost-startStop-1] org.springframework.web.context.ContextLoader.initWebApplicationContext Root WebApplicationContext: initialization started
07-Jun-2019 22:52:44.286 INFO [localhost-startStop-1] org.springframework.context.support.AbstractApplicationContext.prepareRefresh Refreshing Root WebApplicationContext: startup date [Fri Jun 07 22:52:44 IST 2019]; root of context hierarchy
07-Jun-2019 22:52:44.328 INFO [localhost-startStop-1] org.springframework.beans.factory.xml.XmlBeanDefinitionReader.loadBeanDefinitions Loading XML bean definitions from ServletContext resource [/WEB-INF/view-resolver-servlet.xml]
07-Jun-2019 22:52:44.452 INFO [localhost-startStop-1] org.springframework.context.annotation.ClassPathScanningCandidateComponentProvider.registerDefaultFilters JSR-250 'javax.annotation.ManagedBean' found and supported for component scanning
07-Jun-2019 22:52:44.548 INFO [localhost-startStop-1] org.springframework.beans.factory.support.DefaultListableBeanFactory.preInstantiateSingletons Pre-instantiating singletons in org.springframework.beans.factory.support.DefaultListableBeanFactory@760dd024: defining beans [applicationController,org.springframework.context.annotation.internalConfigurationAnnotationProcessor,org.springframework.context.annotation.internalAutowiredAnnotationProcessor,org.springframework.context.annotation.internalRequiredAnnotationProcessor,org.springframework.context.annotation.internalCommonAnnotationProcessor,org.springframework.web.servlet.view.InternalResourceViewResolver#0,org.springframework.context.annotation.ConfigurationClassPostProcessor.importAwareProcessor]; root of factory hierarchy
07-Jun-2019 22:52:44.600 INFO [localhost-startStop-1] org.springframework.web.context.ContextLoader.initWebApplicationContext Root WebApplicationContext: initialization completed in 378 ms
07-Jun-2019 22:52:47.645 SEVERE [localhost-startStop-1] org.apache.catalina.core.StandardContext.startInternal The session manager failed to start
	org.apache.catalina.LifecycleException: Failed to start component [org.redisson.tomcat.JndiRedissonSessionManager[]]
		at org.apache.catalina.util.LifecycleBase.start(LifecycleBase.java:167)
		at org.apache.catalina.core.StandardContext.startInternal(StandardContext.java:5253)
		at org.apache.catalina.util.LifecycleBase.start(LifecycleBase.java:150)
		at org.apache.catalina.core.ContainerBase.addChildInternal(ContainerBase.java:754)
		at org.apache.catalina.core.ContainerBase.addChild(ContainerBase.java:730)
		at org.apache.catalina.core.StandardHost.addChild(StandardHost.java:744)
		at org.apache.catalina.startup.HostConfig.deployWAR(HostConfig.java:980)
		at org.apache.catalina.startup.HostConfig$DeployWar.run(HostConfig.java:1851)
		at java.util.concurrent.Executors$RunnableAdapter.call(Executors.java:511)
		at java.util.concurrent.FutureTask.run(FutureTask.java:266)
		at java.util.concurrent.ThreadPoolExecutor.runWorker(ThreadPoolExecutor.java:1149)
		at java.util.concurrent.ThreadPoolExecutor$Worker.run(ThreadPoolExecutor.java:624)
		at java.lang.Thread.run(Thread.java:748)
	Caused by: org.apache.catalina.LifecycleException: Unable to locate Redisson instance by name: bean/redisson
		at org.redisson.tomcat.JndiRedissonSessionManager.buildClient(JndiRedissonSessionManager.java:49)
		at org.redisson.tomcat.RedissonSessionManager.startInternal(RedissonSessionManager.java:223)
		at org.apache.catalina.util.LifecycleBase.start(LifecycleBase.java:150)
		... 12 more
	Caused by: javax.naming.NamingException [Root exception is org.redisson.client.RedisConnectionException: Unable to connect to Redis server: 127.0.0.1/127.0.0.1:6379]
		at org.redisson.JndiRedissonFactory.buildClient(JndiRedissonFactory.java:66)
		at org.redisson.JndiRedissonFactory.getObjectInstance(JndiRedissonFactory.java:45)
		at org.apache.naming.factory.FactoryBase.getObjectInstance(FactoryBase.java:94)
		at javax.naming.spi.NamingManager.getObjectInstance(NamingManager.java:321)
		at org.apache.naming.NamingContext.lookup(NamingContext.java:839)
		at org.apache.naming.NamingContext.lookup(NamingContext.java:159)
		at org.apache.naming.NamingContext.lookup(NamingContext.java:827)
		at org.apache.naming.NamingContext.lookup(NamingContext.java:173)
		at org.apache.naming.factory.ResourceLinkFactory.getObjectInstance(ResourceLinkFactory.java:152)
		at javax.naming.spi.NamingManager.getObjectInstance(NamingManager.java:321)
		at org.apache.naming.NamingContext.lookup(NamingContext.java:839)
		at org.apache.naming.NamingContext.lookup(NamingContext.java:159)
		at org.apache.naming.NamingContext.lookup(NamingContext.java:827)
		at org.apache.naming.NamingContext.lookup(NamingContext.java:173)
		at org.redisson.tomcat.JndiRedissonSessionManager.buildClient(JndiRedissonSessionManager.java:47)
		... 14 more
	Caused by: org.redisson.client.RedisConnectionException: Unable to connect to Redis server: 127.0.0.1/127.0.0.1:6379
		at org.redisson.connection.pool.ConnectionPool$1.lambda$run$0(ConnectionPool.java:160)
		at org.redisson.misc.RedissonPromise.lambda$onComplete$0(RedissonPromise.java:183)
		at io.netty.util.concurrent.DefaultPromise.notifyListener0(DefaultPromise.java:502)
		at io.netty.util.concurrent.DefaultPromise.notifyListenersNow(DefaultPromise.java:476)
		at io.netty.util.concurrent.DefaultPromise.notifyListeners(DefaultPromise.java:415)
		at io.netty.util.concurrent.DefaultPromise.setValue0(DefaultPromise.java:540)
		at io.netty.util.concurrent.DefaultPromise.setFailure0(DefaultPromise.java:533)
		at io.netty.util.concurrent.DefaultPromise.tryFailure(DefaultPromise.java:114)
		at org.redisson.misc.RedissonPromise.tryFailure(RedissonPromise.java:96)
		at org.redisson.connection.pool.ConnectionPool.promiseFailure(ConnectionPool.java:330)
		at org.redisson.connection.pool.ConnectionPool.lambda$createConnection$1(ConnectionPool.java:296)
		at org.redisson.misc.RedissonPromise.lambda$onComplete$0(RedissonPromise.java:183)
		at io.netty.util.concurrent.DefaultPromise.notifyListener0(DefaultPromise.java:502)
		at io.netty.util.concurrent.DefaultPromise.notifyListeners0(DefaultPromise.java:495)
		at io.netty.util.concurrent.DefaultPromise.notifyListenersNow(DefaultPromise.java:474)
		at io.netty.util.concurrent.DefaultPromise.notifyListeners(DefaultPromise.java:415)
		at io.netty.util.concurrent.DefaultPromise.setValue0(DefaultPromise.java:540)
		at io.netty.util.concurrent.DefaultPromise.setFailure0(DefaultPromise.java:533)
		at io.netty.util.concurrent.DefaultPromise.tryFailure(DefaultPromise.java:114)
		at org.redisson.misc.RedissonPromise.tryFailure(RedissonPromise.java:96)
		at org.redisson.client.RedisClient$2$2.run(RedisClient.java:245)
		at io.netty.util.concurrent.AbstractEventExecutor.safeExecute(AbstractEventExecutor.java:163)
		at io.netty.util.concurrent.SingleThreadEventExecutor.runAllTasks(SingleThreadEventExecutor.java:405)
		at io.netty.channel.nio.NioEventLoop.run(NioEventLoop.java:500)
		at io.netty.util.concurrent.SingleThreadEventExecutor$5.run(SingleThreadEventExecutor.java:906)
		at io.netty.util.internal.ThreadExecutorMap$2.run(ThreadExecutorMap.java:74)
		at io.netty.util.concurrent.FastThreadLocalRunnable.run(FastThreadLocalRunnable.java:30)
		... 1 more
	Caused by: io.netty.channel.AbstractChannel$AnnotatedConnectException: Connection refused: no further information: 127.0.0.1/127.0.0.1:6379
		at sun.nio.ch.SocketChannelImpl.checkConnect(Native Method)
		at sun.nio.ch.SocketChannelImpl.finishConnect(SocketChannelImpl.java:717)
		at io.netty.channel.socket.nio.NioSocketChannel.doFinishConnect(NioSocketChannel.java:327)
		at io.netty.channel.nio.AbstractNioChannel$AbstractNioUnsafe.finishConnect(AbstractNioChannel.java:340)
		at io.netty.channel.nio.NioEventLoop.processSelectedKey(NioEventLoop.java:670)
		at io.netty.channel.nio.NioEventLoop.processSelectedKeysOptimized(NioEventLoop.java:617)
		at io.netty.channel.nio.NioEventLoop.processSelectedKeys(NioEventLoop.java:534)
		at io.netty.channel.nio.NioEventLoop.run(NioEventLoop.java:496)
		... 4 more
	Caused by: java.net.ConnectException: Connection refused: no further information
		... 12 more
07-Jun-2019 22:52:47.646 SEVERE [localhost-startStop-1] org.apache.catalina.core.StandardContext.startInternal Context [] startup failed due to previous errors
07-Jun-2019 22:52:47.651 INFO [localhost-startStop-1] org.springframework.context.support.AbstractApplicationContext.doClose Closing Root WebApplicationContext: startup date [Fri Jun 07 22:52:44 IST 2019]; root of context hierarchy
07-Jun-2019 22:52:47.651 INFO [localhost-startStop-1] org.springframework.beans.factory.support.DefaultSingletonBeanRegistry.destroySingletons Destroying singletons in org.springframework.beans.factory.support.DefaultListableBeanFactory@760dd024: defining beans [applicationController,org.springframework.context.annotation.internalConfigurationAnnotationProcessor,org.springframework.context.annotation.internalAutowiredAnnotationProcessor,org.springframework.context.annotation.internalRequiredAnnotationProcessor,org.springframework.context.annotation.internalCommonAnnotationProcessor,org.springframework.web.servlet.view.InternalResourceViewResolver#0,org.springframework.context.annotation.ConfigurationClassPostProcessor.importAwareProcessor]; root of factory hierarchy
07-Jun-2019 22:52:47.661 INFO [localhost-startStop-1] org.apache.catalina.startup.HostConfig.deployWAR Deployment of web application archive [D:\mount\mjunction\tomcat-8-redis-session\tomcat8-jdk8-redis-session-1\webapps\ROOT.war] has finished in [9,048] ms
07-Jun-2019 22:52:47.663 INFO [main] org.apache.coyote.AbstractProtocol.start Starting ProtocolHandler ["http-nio-8080"]
07-Jun-2019 22:52:47.670 INFO [main] org.apache.coyote.AbstractProtocol.start Starting ProtocolHandler ["ajp-nio-8009"]
07-Jun-2019 22:52:47.672 INFO [main] org.apache.catalina.startup.Catalina.start Server startup in 16294 ms
07-Jun-2019 22:53:34.622 INFO [Thread-9] org.apache.coyote.AbstractProtocol.pause Pausing ProtocolHandler ["http-nio-8080"]
07-Jun-2019 22:53:34.765 INFO [Thread-9] org.apache.coyote.AbstractProtocol.pause Pausing ProtocolHandler ["ajp-nio-8009"]
07-Jun-2019 22:53:34.912 INFO [Thread-9] org.apache.catalina.core.StandardService.stopInternal Stopping service [Catalina]
07-Jun-2019 22:53:35.018 INFO [Thread-9] org.apache.coyote.AbstractProtocol.stop Stopping ProtocolHandler ["http-nio-8080"]
07-Jun-2019 22:53:35.020 INFO [Thread-9] org.apache.coyote.AbstractProtocol.stop Stopping ProtocolHandler ["ajp-nio-8009"]
07-Jun-2019 22:53:35.136 INFO [Thread-9] org.apache.coyote.AbstractProtocol.destroy Destroying ProtocolHandler ["http-nio-8080"]
07-Jun-2019 22:53:35.137 INFO [Thread-9] org.apache.coyote.AbstractProtocol.destroy Destroying ProtocolHandler ["ajp-nio-8009"]
07-Jun-2019 22:54:26.181 INFO [main] org.apache.catalina.startup.VersionLoggerListener.log Server version:        Apache Tomcat/8.5.41
07-Jun-2019 22:54:26.183 INFO [main] org.apache.catalina.startup.VersionLoggerListener.log Server built:          May 4 2019 09:17:16 UTC
07-Jun-2019 22:54:26.183 INFO [main] org.apache.catalina.startup.VersionLoggerListener.log Server number:         8.5.41.0
07-Jun-2019 22:54:26.185 INFO [main] org.apache.catalina.startup.VersionLoggerListener.log OS Name:               Windows 10
07-Jun-2019 22:54:26.185 INFO [main] org.apache.catalina.startup.VersionLoggerListener.log OS Version:            10.0
07-Jun-2019 22:54:26.185 INFO [main] org.apache.catalina.startup.VersionLoggerListener.log Architecture:          amd64
07-Jun-2019 22:54:26.185 INFO [main] org.apache.catalina.startup.VersionLoggerListener.log Java Home:             C:\Program Files\Java\jdk1.8.0_191\jre
07-Jun-2019 22:54:26.185 INFO [main] org.apache.catalina.startup.VersionLoggerListener.log JVM Version:           1.8.0_191-b12
07-Jun-2019 22:54:26.186 INFO [main] org.apache.catalina.startup.VersionLoggerListener.log JVM Vendor:            Oracle Corporation
07-Jun-2019 22:54:26.186 INFO [main] org.apache.catalina.startup.VersionLoggerListener.log CATALINA_BASE:         D:\mount\mjunction\tomcat-8-redis-session\tomcat8-jdk8-redis-session-1
07-Jun-2019 22:54:26.186 INFO [main] org.apache.catalina.startup.VersionLoggerListener.log CATALINA_HOME:         D:\mount\mjunction\tomcat-8-redis-session\tomcat8-jdk8-redis-session-1
07-Jun-2019 22:54:26.186 INFO [main] org.apache.catalina.startup.VersionLoggerListener.log Command line argument: -Djava.util.logging.config.file=D:\mount\mjunction\tomcat-8-redis-session\tomcat8-jdk8-redis-session-1\conf\logging.properties
07-Jun-2019 22:54:26.186 INFO [main] org.apache.catalina.startup.VersionLoggerListener.log Command line argument: -Djava.util.logging.manager=org.apache.juli.ClassLoaderLogManager
07-Jun-2019 22:54:26.186 INFO [main] org.apache.catalina.startup.VersionLoggerListener.log Command line argument: -Djdk.tls.ephemeralDHKeySize=2048
07-Jun-2019 22:54:26.186 INFO [main] org.apache.catalina.startup.VersionLoggerListener.log Command line argument: -Djava.protocol.handler.pkgs=org.apache.catalina.webresources
07-Jun-2019 22:54:26.186 INFO [main] org.apache.catalina.startup.VersionLoggerListener.log Command line argument: -Dignore.endorsed.dirs=
07-Jun-2019 22:54:26.186 INFO [main] org.apache.catalina.startup.VersionLoggerListener.log Command line argument: -Dcatalina.base=D:\mount\mjunction\tomcat-8-redis-session\tomcat8-jdk8-redis-session-1
07-Jun-2019 22:54:26.187 INFO [main] org.apache.catalina.startup.VersionLoggerListener.log Command line argument: -Dcatalina.home=D:\mount\mjunction\tomcat-8-redis-session\tomcat8-jdk8-redis-session-1
07-Jun-2019 22:54:26.187 INFO [main] org.apache.catalina.startup.VersionLoggerListener.log Command line argument: -Djava.io.tmpdir=D:\mount\mjunction\tomcat-8-redis-session\tomcat8-jdk8-redis-session-1\temp
07-Jun-2019 22:54:26.187 INFO [main] org.apache.catalina.core.AprLifecycleListener.lifecycleEvent Loaded APR based Apache Tomcat Native library [1.2.21] using APR version [1.6.5].
07-Jun-2019 22:54:26.187 INFO [main] org.apache.catalina.core.AprLifecycleListener.lifecycleEvent APR capabilities: IPv6 [true], sendfile [true], accept filters [false], random [true].
07-Jun-2019 22:54:26.188 INFO [main] org.apache.catalina.core.AprLifecycleListener.lifecycleEvent APR/OpenSSL configuration: useAprConnector [false], useOpenSSL [true]
07-Jun-2019 22:54:26.191 INFO [main] org.apache.catalina.core.AprLifecycleListener.initializeSSL OpenSSL successfully initialized [OpenSSL 1.1.1a  20 Nov 2018]
07-Jun-2019 22:54:26.264 INFO [main] org.apache.coyote.AbstractProtocol.init Initializing ProtocolHandler ["http-nio-8080"]
07-Jun-2019 22:54:26.456 INFO [main] org.apache.tomcat.util.net.NioSelectorPool.getSharedSelector Using a shared selector for servlet write/read
07-Jun-2019 22:54:26.463 INFO [main] org.apache.coyote.AbstractProtocol.init Initializing ProtocolHandler ["ajp-nio-8009"]
07-Jun-2019 22:54:26.465 INFO [main] org.apache.tomcat.util.net.NioSelectorPool.getSharedSelector Using a shared selector for servlet write/read
07-Jun-2019 22:54:26.466 INFO [main] org.apache.catalina.startup.Catalina.load Initialization processed in 528 ms
07-Jun-2019 22:54:27.403 INFO [main] org.apache.catalina.core.StandardService.startInternal Starting service [Catalina]
07-Jun-2019 22:54:27.403 INFO [main] org.apache.catalina.core.StandardEngine.startInternal Starting Servlet Engine: Apache Tomcat/8.5.41
07-Jun-2019 22:54:27.410 INFO [main] org.apache.catalina.ha.tcp.SimpleTcpCluster.startInternal Cluster is about to start
07-Jun-2019 22:54:27.417 INFO [main] org.apache.catalina.tribes.transport.ReceiverBase.bind Receiver Server Socket bound to:[/192.168.208.1:4000]
07-Jun-2019 22:54:27.424 INFO [main] org.apache.catalina.tribes.membership.McastServiceImpl.setupSocket Setting cluster mcast soTimeout to [500]
07-Jun-2019 22:54:27.425 INFO [main] org.apache.catalina.tribes.membership.McastServiceImpl.waitForMembers Sleeping for [1000] milliseconds to establish cluster membership, start level:[4]
07-Jun-2019 22:54:28.426 INFO [main] org.apache.catalina.tribes.membership.McastServiceImpl.waitForMembers Done sleeping, membership established, start level:[4]
07-Jun-2019 22:54:28.427 INFO [main] org.apache.catalina.tribes.membership.McastServiceImpl.waitForMembers Sleeping for [1000] milliseconds to establish cluster membership, start level:[8]
07-Jun-2019 22:54:29.427 INFO [main] org.apache.catalina.tribes.membership.McastServiceImpl.waitForMembers Done sleeping, membership established, start level:[8]
07-Jun-2019 22:54:29.441 INFO [localhost-startStop-1] org.apache.catalina.startup.HostConfig.deployWAR Deploying web application archive [D:\mount\mjunction\tomcat-8-redis-session\tomcat8-jdk8-redis-session-1\webapps\ROOT.war]
07-Jun-2019 22:54:30.927 WARNING [localhost-startStop-1] org.apache.catalina.ha.tcp.SimpleTcpCluster.registerManager Manager [org.redisson.tomcat.JndiRedissonSessionManager[]] does not implement ClusterManager, addition to cluster has been aborted.
07-Jun-2019 22:54:30.986 INFO [localhost-startStop-1] org.apache.jasper.servlet.TldScanner.scanJars At least one JAR was scanned for TLDs yet contained no TLDs. Enable debug logging for this logger for a complete list of JARs that were scanned but no TLDs were found in them. Skipping unneeded JARs during scanning can improve startup time and JSP compilation time.
07-Jun-2019 22:54:31.021 INFO [localhost-startStop-1] org.springframework.web.context.ContextLoader.initWebApplicationContext Root WebApplicationContext: initialization started
07-Jun-2019 22:54:31.088 INFO [localhost-startStop-1] org.springframework.context.support.AbstractApplicationContext.prepareRefresh Refreshing Root WebApplicationContext: startup date [Fri Jun 07 22:54:31 IST 2019]; root of context hierarchy
07-Jun-2019 22:54:31.131 INFO [localhost-startStop-1] org.springframework.beans.factory.xml.XmlBeanDefinitionReader.loadBeanDefinitions Loading XML bean definitions from ServletContext resource [/WEB-INF/view-resolver-servlet.xml]
07-Jun-2019 22:54:31.211 INFO [localhost-startStop-1] org.springframework.context.annotation.ClassPathScanningCandidateComponentProvider.registerDefaultFilters JSR-250 'javax.annotation.ManagedBean' found and supported for component scanning
07-Jun-2019 22:54:31.321 INFO [localhost-startStop-1] org.springframework.beans.factory.support.DefaultListableBeanFactory.preInstantiateSingletons Pre-instantiating singletons in org.springframework.beans.factory.support.DefaultListableBeanFactory@2a6c997c: defining beans [applicationController,org.springframework.context.annotation.internalConfigurationAnnotationProcessor,org.springframework.context.annotation.internalAutowiredAnnotationProcessor,org.springframework.context.annotation.internalRequiredAnnotationProcessor,org.springframework.context.annotation.internalCommonAnnotationProcessor,org.springframework.web.servlet.view.InternalResourceViewResolver#0,org.springframework.context.annotation.ConfigurationClassPostProcessor.importAwareProcessor]; root of factory hierarchy
07-Jun-2019 22:54:31.376 INFO [localhost-startStop-1] org.springframework.web.context.ContextLoader.initWebApplicationContext Root WebApplicationContext: initialization completed in 355 ms
07-Jun-2019 22:54:31.399 INFO [localhost-startStop-1] org.springframework.web.servlet.FrameworkServlet.initServletBean FrameworkServlet '-dispatcher': initialization started
07-Jun-2019 22:54:31.403 INFO [localhost-startStop-1] org.springframework.context.support.AbstractApplicationContext.prepareRefresh Refreshing WebApplicationContext for namespace '-dispatcher-servlet': startup date [Fri Jun 07 22:54:31 IST 2019]; parent: Root WebApplicationContext
07-Jun-2019 22:54:31.404 INFO [localhost-startStop-1] org.springframework.beans.factory.xml.XmlBeanDefinitionReader.loadBeanDefinitions Loading XML bean definitions from ServletContext resource [/WEB-INF/view-resolver-servlet.xml]
07-Jun-2019 22:54:31.418 INFO [localhost-startStop-1] org.springframework.context.annotation.ClassPathScanningCandidateComponentProvider.registerDefaultFilters JSR-250 'javax.annotation.ManagedBean' found and supported for component scanning
07-Jun-2019 22:54:31.424 INFO [localhost-startStop-1] org.springframework.beans.factory.support.DefaultListableBeanFactory.preInstantiateSingletons Pre-instantiating singletons in org.springframework.beans.factory.support.DefaultListableBeanFactory@6a08807a: defining beans [applicationController,org.springframework.context.annotation.internalConfigurationAnnotationProcessor,org.springframework.context.annotation.internalAutowiredAnnotationProcessor,org.springframework.context.annotation.internalRequiredAnnotationProcessor,org.springframework.context.annotation.internalCommonAnnotationProcessor,org.springframework.web.servlet.view.InternalResourceViewResolver#0,org.springframework.context.annotation.ConfigurationClassPostProcessor.importAwareProcessor]; parent: org.springframework.beans.factory.support.DefaultListableBeanFactory@2a6c997c
07-Jun-2019 22:54:31.454 INFO [localhost-startStop-1] org.springframework.web.servlet.handler.AbstractUrlHandlerMapping.registerHandler Mapped URL path [//SessRepl] onto handler 'applicationController'
07-Jun-2019 22:54:31.454 INFO [localhost-startStop-1] org.springframework.web.servlet.handler.AbstractUrlHandlerMapping.registerHandler Mapped URL path [//SessRepl.*] onto handler 'applicationController'
07-Jun-2019 22:54:31.456 INFO [localhost-startStop-1] org.springframework.web.servlet.handler.AbstractUrlHandlerMapping.registerHandler Mapped URL path [//SessRepl/] onto handler 'applicationController'
07-Jun-2019 22:54:31.457 INFO [localhost-startStop-1] org.springframework.web.servlet.handler.AbstractUrlHandlerMapping.registerHandler Mapped URL path [//Test] onto handler 'applicationController'
07-Jun-2019 22:54:31.457 INFO [localhost-startStop-1] org.springframework.web.servlet.handler.AbstractUrlHandlerMapping.registerHandler Mapped URL path [//Test.*] onto handler 'applicationController'
07-Jun-2019 22:54:31.457 INFO [localhost-startStop-1] org.springframework.web.servlet.handler.AbstractUrlHandlerMapping.registerHandler Mapped URL path [//Test/] onto handler 'applicationController'
07-Jun-2019 22:54:31.458 INFO [localhost-startStop-1] org.springframework.web.servlet.handler.AbstractUrlHandlerMapping.registerHandler Mapped URL path [//Print/{arg}] onto handler 'applicationController'
07-Jun-2019 22:54:31.458 INFO [localhost-startStop-1] org.springframework.web.servlet.handler.AbstractUrlHandlerMapping.registerHandler Mapped URL path [//Print/{arg}.*] onto handler 'applicationController'
07-Jun-2019 22:54:31.459 INFO [localhost-startStop-1] org.springframework.web.servlet.handler.AbstractUrlHandlerMapping.registerHandler Mapped URL path [//Print/{arg}/] onto handler 'applicationController'
07-Jun-2019 22:54:32.235 INFO [localhost-startStop-1] org.springframework.web.servlet.FrameworkServlet.initServletBean FrameworkServlet '-dispatcher': initialization completed in 836 ms
07-Jun-2019 22:54:32.240 INFO [localhost-startStop-1] org.apache.catalina.startup.HostConfig.deployWAR Deployment of web application archive [D:\mount\mjunction\tomcat-8-redis-session\tomcat8-jdk8-redis-session-1\webapps\ROOT.war] has finished in [2,799] ms
07-Jun-2019 22:54:32.242 INFO [main] org.apache.coyote.AbstractProtocol.start Starting ProtocolHandler ["http-nio-8080"]
07-Jun-2019 22:54:32.248 INFO [main] org.apache.coyote.AbstractProtocol.start Starting ProtocolHandler ["ajp-nio-8009"]
07-Jun-2019 22:54:32.249 INFO [main] org.apache.catalina.startup.Catalina.start Server startup in 5781 ms
07-Jun-2019 22:55:16.007 INFO [Tribes-Task-Receiver[Catalina-Channel]-1] org.apache.catalina.tribes.io.BufferPool.getBufferPool Created a buffer pool with max size:[104857600] bytes of type: [org.apache.catalina.tribes.io.BufferPool15Impl]
07-Jun-2019 22:55:16.748 INFO [Membership-MemberAdded.] org.apache.catalina.ha.tcp.SimpleTcpCluster.memberAdded Replication member added:[org.apache.catalina.tribes.membership.MemberImpl[tcp://{192, 168, 208, 1}:4001,{192, 168, 208, 1},4001, alive=1004, securePort=-1, UDP Port=-1, id={95 4 -16 103 89 -124 71 4 -86 92 38 115 72 -94 -127 30 }, payload={}, command={}, domain={}]]
07-Jun-2019 22:55:47.167 INFO [Membership-MemberAdded.] org.apache.catalina.ha.tcp.SimpleTcpCluster.memberAdded Replication member added:[org.apache.catalina.tribes.membership.MemberImpl[tcp://{192, 168, 208, 1}:4002,{192, 168, 208, 1},4002, alive=1007, securePort=-1, UDP Port=-1, id={-24 119 -48 13 -83 51 65 33 -83 -42 41 -79 -111 113 85 -112 }, payload={}, command={}, domain={}]]
07-Jun-2019 23:04:25.483 WARNING [ajp-nio-8009-exec-1] org.springframework.web.servlet.DispatcherServlet.noHandlerFound No mapping found for HTTP request with URI [/] in DispatcherServlet with name '-dispatcher'
07-Jun-2019 23:04:27.334 WARNING [ajp-nio-8009-exec-2] org.springframework.web.servlet.DispatcherServlet.noHandlerFound No mapping found for HTTP request with URI [/] in DispatcherServlet with name '-dispatcher'
07-Jun-2019 23:04:27.961 WARNING [ajp-nio-8009-exec-3] org.springframework.web.servlet.DispatcherServlet.noHandlerFound No mapping found for HTTP request with URI [/] in DispatcherServlet with name '-dispatcher'
07-Jun-2019 23:04:28.413 WARNING [ajp-nio-8009-exec-4] org.springframework.web.servlet.DispatcherServlet.noHandlerFound No mapping found for HTTP request with URI [/] in DispatcherServlet with name '-dispatcher'
07-Jun-2019 23:05:03.729 WARNING [ajp-nio-8009-exec-5] org.springframework.web.servlet.DispatcherServlet.noHandlerFound No mapping found for HTTP request with URI [/ROOT] in DispatcherServlet with name '-dispatcher'
07-Jun-2019 23:05:04.966 WARNING [ajp-nio-8009-exec-6] org.springframework.web.servlet.DispatcherServlet.noHandlerFound No mapping found for HTTP request with URI [/ROOT] in DispatcherServlet with name '-dispatcher'
07-Jun-2019 23:19:25.415 INFO [Thread-9] org.apache.coyote.AbstractProtocol.pause Pausing ProtocolHandler ["http-nio-8080"]
07-Jun-2019 23:19:25.555 INFO [Thread-9] org.apache.coyote.AbstractProtocol.pause Pausing ProtocolHandler ["ajp-nio-8009"]
07-Jun-2019 23:19:25.695 INFO [Thread-9] org.apache.catalina.core.StandardService.stopInternal Stopping service [Catalina]
07-Jun-2019 23:19:25.702 INFO [localhost-startStop-2] org.springframework.context.support.AbstractApplicationContext.doClose Closing WebApplicationContext for namespace '-dispatcher-servlet': startup date [Fri Jun 07 22:54:31 IST 2019]; parent: Root WebApplicationContext
07-Jun-2019 23:19:25.702 INFO [localhost-startStop-2] org.springframework.beans.factory.support.DefaultSingletonBeanRegistry.destroySingletons Destroying singletons in org.springframework.beans.factory.support.DefaultListableBeanFactory@6a08807a: defining beans [applicationController,org.springframework.context.annotation.internalConfigurationAnnotationProcessor,org.springframework.context.annotation.internalAutowiredAnnotationProcessor,org.springframework.context.annotation.internalRequiredAnnotationProcessor,org.springframework.context.annotation.internalCommonAnnotationProcessor,org.springframework.web.servlet.view.InternalResourceViewResolver#0,org.springframework.context.annotation.ConfigurationClassPostProcessor.importAwareProcessor]; parent: org.springframework.beans.factory.support.DefaultListableBeanFactory@2a6c997c
07-Jun-2019 23:19:25.703 INFO [localhost-startStop-2] org.springframework.context.support.AbstractApplicationContext.doClose Closing Root WebApplicationContext: startup date [Fri Jun 07 22:54:31 IST 2019]; root of context hierarchy
07-Jun-2019 23:19:25.704 INFO [localhost-startStop-2] org.springframework.beans.factory.support.DefaultSingletonBeanRegistry.destroySingletons Destroying singletons in org.springframework.beans.factory.support.DefaultListableBeanFactory@2a6c997c: defining beans [applicationController,org.springframework.context.annotation.internalConfigurationAnnotationProcessor,org.springframework.context.annotation.internalAutowiredAnnotationProcessor,org.springframework.context.annotation.internalRequiredAnnotationProcessor,org.springframework.context.annotation.internalCommonAnnotationProcessor,org.springframework.web.servlet.view.InternalResourceViewResolver#0,org.springframework.context.annotation.ConfigurationClassPostProcessor.importAwareProcessor]; root of factory hierarchy
07-Jun-2019 23:19:25.814 INFO [Thread-9] org.apache.coyote.AbstractProtocol.stop Stopping ProtocolHandler ["http-nio-8080"]
07-Jun-2019 23:19:25.816 INFO [Thread-9] org.apache.coyote.AbstractProtocol.stop Stopping ProtocolHandler ["ajp-nio-8009"]
07-Jun-2019 23:19:25.927 INFO [Thread-9] org.apache.coyote.AbstractProtocol.destroy Destroying ProtocolHandler ["http-nio-8080"]
07-Jun-2019 23:19:25.928 INFO [Thread-9] org.apache.coyote.AbstractProtocol.destroy Destroying ProtocolHandler ["ajp-nio-8009"]
